<html>
<head>
<title>TestNG:  exicuteTestCases</title>
<link href="../testng.css" rel="stylesheet" type="text/css" />
<link href="../my-testng.css" rel="stylesheet" type="text/css" />

<style type="text/css">
.log { display: none;} 
.stack-trace { display: none;} 
</style>
<script type="text/javascript">
<!--
function flip(e) {
  current = e.style.display;
  if (current == 'block') {
    e.style.display = 'none';
    return 0;
  }
  else {
    e.style.display = 'block';
    return 1;
  }
}

function toggleBox(szDivId, elem, msg1, msg2)
{
  var res = -1;  if (document.getElementById) {
    res = flip(document.getElementById(szDivId));
  }
  else if (document.all) {
    // this is the way old msie versions work
    res = flip(document.all[szDivId]);
  }
  if(elem) {
    if(res == 0) elem.innerHTML = msg1; else elem.innerHTML = msg2;
  }

}

function toggleAllBoxes() {
  if (document.getElementsByTagName) {
    d = document.getElementsByTagName('div');
    for (i = 0; i < d.length; i++) {
      if (d[i].className == 'log') {
        flip(d[i]);
      }
    }
  }
}

// -->
</script>

</head>
<body>
<h2 align='center'>exicuteTestCases</h2><table border='1' align="center">
<tr>
<td>Tests passed/Failed/Skipped:</td><td>8/12/0</td>
</tr><tr>
<td>Started on:</td><td>Sun Nov 01 17:53:15 IST 2020</td>
</tr>
<tr><td>Total time:</td><td>796 seconds (796935 ms)</td>
</tr><tr>
<td>Included groups:</td><td></td>
</tr><tr>
<td>Excluded groups:</td><td></td>
</tr>
</table><p/>
<small><i>(Hover the method name to see the test class name)</i></small><p/>
<table width='100%' border='1' class='invocation-failed'>
<tr><td colspan='4' align='center'><b>FAILED TESTS</b></td></tr>
<tr><td><b>Test method</b></td>
<td width="30%"><b>Exception</b></td>
<td width="10%"><b>Time (seconds)</b></td>
<td><b>Instance</b></td>
</tr>
<tr>
<td title='com.Hackatone.TestClasses.GetHomeItems.getHomeListItems_two()'><b>getHomeListItems_two</b><br>Test class: com.Hackatone.TestClasses.GetHomeItems</td>
<td><div><pre>java.lang.AssertionError: Failing the Testcase, Invalid Locator collection_menu_xpath
	at com.Hackatone.Base.BaseUI.reportFail(BaseUI.java:343)
	at com.Hackatone.Base.BaseUI.getElement(BaseUI.java:285)
	at com.Hackatone.Base.BaseUI.elementClick(BaseUI.java:161)
	at com.Hackatone.Base.BaseUI.mouseclickAndSelectElements(BaseUI.java:224)
	at com.Hackatone.TestClasses.GetHomeItems.getHomeListItems_two(GetHomeItems.java:40)
... Removed 30 stack frames</pre></div><a href='#' onClick='toggleBox("stack-trace1716551994", this, "Click to show all stack frames", "Click to hide stack frames")'>Click to show all stack frames</a>
<div class='stack-trace' id='stack-trace1716551994'><pre>java.lang.AssertionError: Failing the Testcase, Invalid Locator collection_menu_xpath
	at org.testng.Assert.fail(Assert.java:96)
	at com.Hackatone.Base.BaseUI.reportFail(BaseUI.java:343)
	at com.Hackatone.Base.BaseUI.getElement(BaseUI.java:285)
	at com.Hackatone.Base.BaseUI.elementClick(BaseUI.java:161)
	at com.Hackatone.Base.BaseUI.mouseclickAndSelectElements(BaseUI.java:224)
	at com.Hackatone.TestClasses.GetHomeItems.getHomeListItems_two(GetHomeItems.java:40)
	at sun.reflect.NativeMethodAccessorImpl.invoke0(Native Method)
	at sun.reflect.NativeMethodAccessorImpl.invoke(NativeMethodAccessorImpl.java:62)
	at sun.reflect.DelegatingMethodAccessorImpl.invoke(DelegatingMethodAccessorImpl.java:43)
	at java.lang.reflect.Method.invoke(Method.java:498)
	at org.testng.internal.MethodInvocationHelper.invokeMethod(MethodInvocationHelper.java:124)
	at org.testng.internal.Invoker.invokeMethod(Invoker.java:583)
	at org.testng.internal.Invoker.invokeTestMethod(Invoker.java:719)
	at org.testng.internal.Invoker.invokeTestMethods(Invoker.java:989)
	at org.testng.internal.TestMethodWorker.invokeTestMethods(TestMethodWorker.java:125)
	at org.testng.internal.TestMethodWorker.run(TestMethodWorker.java:109)
	at org.testng.TestRunner.privateRun(TestRunner.java:648)
	at org.testng.TestRunner.run(TestRunner.java:505)
	at org.testng.SuiteRunner.runTest(SuiteRunner.java:455)
	at org.testng.SuiteRunner.runSequentially(SuiteRunner.java:450)
	at org.testng.SuiteRunner.privateRun(SuiteRunner.java:415)
	at org.testng.SuiteRunner.run(SuiteRunner.java:364)
	at org.testng.SuiteRunnerWorker.runSuite(SuiteRunnerWorker.java:52)
	at org.testng.SuiteRunnerWorker.run(SuiteRunnerWorker.java:84)
	at org.testng.TestNG.runSuitesSequentially(TestNG.java:1208)
	at org.testng.TestNG.runSuitesLocally(TestNG.java:1137)
	at org.testng.TestNG.runSuites(TestNG.java:1049)
	at org.testng.TestNG.run(TestNG.java:1017)
	at org.apache.maven.surefire.testng.TestNGExecutor.run(TestNGExecutor.java:283)
	at org.apache.maven.surefire.testng.TestNGXmlTestSuite.execute(TestNGXmlTestSuite.java:75)
	at org.apache.maven.surefire.testng.TestNGProvider.invoke(TestNGProvider.java:120)
	at org.apache.maven.surefire.booter.ForkedBooter.invokeProviderInSameClassLoader(ForkedBooter.java:384)
	at org.apache.maven.surefire.booter.ForkedBooter.runSuitesInProcess(ForkedBooter.java:345)
	at org.apache.maven.surefire.booter.ForkedBooter.execute(ForkedBooter.java:126)
	at org.apache.maven.surefire.booter.ForkedBooter.main(ForkedBooter.java:418)
</pre></div></td>
<td>13</td>
<td>com.Hackatone.TestClasses.GetHomeItems@363ee3a2</td></tr>
<tr>
<td title='com.Hackatone.TestClasses.GiftCard.testForGiftCards()'><b>testForGiftCards</b><br>Test class: com.Hackatone.TestClasses.GiftCard<br>Parameters: 10000, Akansha Kumari, akansha@gmail.com, Vikash Kumar Barnwal, vikash@gmail.com, , Hii Akansha, How are You ?</td>
<td><div><pre>java.lang.AssertionError: Wrong information Fed-Up :: Verify The Details in attached ScreenShot
	at com.Hackatone.Base.BaseUI.reportFail(BaseUI.java:343)
	at com.Hackatone.Base.BaseUI.validateResult(BaseUI.java:248)
	at com.Hackatone.TestClasses.GiftCard.testForGiftCards(GiftCard.java:62)
... Removed 30 stack frames</pre></div><a href='#' onClick='toggleBox("stack-trace1610155589", this, "Click to show all stack frames", "Click to hide stack frames")'>Click to show all stack frames</a>
<div class='stack-trace' id='stack-trace1610155589'><pre>java.lang.AssertionError: Wrong information Fed-Up :: Verify The Details in attached ScreenShot
	at org.testng.Assert.fail(Assert.java:96)
	at com.Hackatone.Base.BaseUI.reportFail(BaseUI.java:343)
	at com.Hackatone.Base.BaseUI.validateResult(BaseUI.java:248)
	at com.Hackatone.TestClasses.GiftCard.testForGiftCards(GiftCard.java:62)
	at sun.reflect.NativeMethodAccessorImpl.invoke0(Native Method)
	at sun.reflect.NativeMethodAccessorImpl.invoke(NativeMethodAccessorImpl.java:62)
	at sun.reflect.DelegatingMethodAccessorImpl.invoke(DelegatingMethodAccessorImpl.java:43)
	at java.lang.reflect.Method.invoke(Method.java:498)
	at org.testng.internal.MethodInvocationHelper.invokeMethod(MethodInvocationHelper.java:124)
	at org.testng.internal.Invoker.invokeMethod(Invoker.java:583)
	at org.testng.internal.Invoker.invokeTestMethod(Invoker.java:719)
	at org.testng.internal.Invoker.invokeTestMethods(Invoker.java:989)
	at org.testng.internal.TestMethodWorker.invokeTestMethods(TestMethodWorker.java:125)
	at org.testng.internal.TestMethodWorker.run(TestMethodWorker.java:109)
	at org.testng.TestRunner.privateRun(TestRunner.java:648)
	at org.testng.TestRunner.run(TestRunner.java:505)
	at org.testng.SuiteRunner.runTest(SuiteRunner.java:455)
	at org.testng.SuiteRunner.runSequentially(SuiteRunner.java:450)
	at org.testng.SuiteRunner.privateRun(SuiteRunner.java:415)
	at org.testng.SuiteRunner.run(SuiteRunner.java:364)
	at org.testng.SuiteRunnerWorker.runSuite(SuiteRunnerWorker.java:52)
	at org.testng.SuiteRunnerWorker.run(SuiteRunnerWorker.java:84)
	at org.testng.TestNG.runSuitesSequentially(TestNG.java:1208)
	at org.testng.TestNG.runSuitesLocally(TestNG.java:1137)
	at org.testng.TestNG.runSuites(TestNG.java:1049)
	at org.testng.TestNG.run(TestNG.java:1017)
	at org.apache.maven.surefire.testng.TestNGExecutor.run(TestNGExecutor.java:283)
	at org.apache.maven.surefire.testng.TestNGXmlTestSuite.execute(TestNGXmlTestSuite.java:75)
	at org.apache.maven.surefire.testng.TestNGProvider.invoke(TestNGProvider.java:120)
	at org.apache.maven.surefire.booter.ForkedBooter.invokeProviderInSameClassLoader(ForkedBooter.java:384)
	at org.apache.maven.surefire.booter.ForkedBooter.runSuitesInProcess(ForkedBooter.java:345)
	at org.apache.maven.surefire.booter.ForkedBooter.execute(ForkedBooter.java:126)
	at org.apache.maven.surefire.booter.ForkedBooter.main(ForkedBooter.java:418)
</pre></div></td>
<td>38</td>
<td>com.Hackatone.TestClasses.GiftCard@79b06cab</td></tr>
<tr>
<td title='com.Hackatone.TestClasses.GiftCard.testForGiftCards()'><b>testForGiftCards</b><br>Test class: com.Hackatone.TestClasses.GiftCard<br>Parameters: 4000, Subhash Kumar, subhashgmail.com, , vikash@gmail.com, 9693939906, Hii Shubhash, How are You ?</td>
<td><div><pre>java.lang.AssertionError: Wrong information Fed-Up :: Verify The Details in attached ScreenShot
	at com.Hackatone.Base.BaseUI.reportFail(BaseUI.java:343)
	at com.Hackatone.Base.BaseUI.validateResult(BaseUI.java:248)
	at com.Hackatone.TestClasses.GiftCard.testForGiftCards(GiftCard.java:62)
... Removed 30 stack frames</pre></div><a href='#' onClick='toggleBox("stack-trace1130258687", this, "Click to show all stack frames", "Click to hide stack frames")'>Click to show all stack frames</a>
<div class='stack-trace' id='stack-trace1130258687'><pre>java.lang.AssertionError: Wrong information Fed-Up :: Verify The Details in attached ScreenShot
	at org.testng.Assert.fail(Assert.java:96)
	at com.Hackatone.Base.BaseUI.reportFail(BaseUI.java:343)
	at com.Hackatone.Base.BaseUI.validateResult(BaseUI.java:248)
	at com.Hackatone.TestClasses.GiftCard.testForGiftCards(GiftCard.java:62)
	at sun.reflect.NativeMethodAccessorImpl.invoke0(Native Method)
	at sun.reflect.NativeMethodAccessorImpl.invoke(NativeMethodAccessorImpl.java:62)
	at sun.reflect.DelegatingMethodAccessorImpl.invoke(DelegatingMethodAccessorImpl.java:43)
	at java.lang.reflect.Method.invoke(Method.java:498)
	at org.testng.internal.MethodInvocationHelper.invokeMethod(MethodInvocationHelper.java:124)
	at org.testng.internal.Invoker.invokeMethod(Invoker.java:583)
	at org.testng.internal.Invoker.invokeTestMethod(Invoker.java:719)
	at org.testng.internal.Invoker.invokeTestMethods(Invoker.java:989)
	at org.testng.internal.TestMethodWorker.invokeTestMethods(TestMethodWorker.java:125)
	at org.testng.internal.TestMethodWorker.run(TestMethodWorker.java:109)
	at org.testng.TestRunner.privateRun(TestRunner.java:648)
	at org.testng.TestRunner.run(TestRunner.java:505)
	at org.testng.SuiteRunner.runTest(SuiteRunner.java:455)
	at org.testng.SuiteRunner.runSequentially(SuiteRunner.java:450)
	at org.testng.SuiteRunner.privateRun(SuiteRunner.java:415)
	at org.testng.SuiteRunner.run(SuiteRunner.java:364)
	at org.testng.SuiteRunnerWorker.runSuite(SuiteRunnerWorker.java:52)
	at org.testng.SuiteRunnerWorker.run(SuiteRunnerWorker.java:84)
	at org.testng.TestNG.runSuitesSequentially(TestNG.java:1208)
	at org.testng.TestNG.runSuitesLocally(TestNG.java:1137)
	at org.testng.TestNG.runSuites(TestNG.java:1049)
	at org.testng.TestNG.run(TestNG.java:1017)
	at org.apache.maven.surefire.testng.TestNGExecutor.run(TestNGExecutor.java:283)
	at org.apache.maven.surefire.testng.TestNGXmlTestSuite.execute(TestNGXmlTestSuite.java:75)
	at org.apache.maven.surefire.testng.TestNGProvider.invoke(TestNGProvider.java:120)
	at org.apache.maven.surefire.booter.ForkedBooter.invokeProviderInSameClassLoader(ForkedBooter.java:384)
	at org.apache.maven.surefire.booter.ForkedBooter.runSuitesInProcess(ForkedBooter.java:345)
	at org.apache.maven.surefire.booter.ForkedBooter.execute(ForkedBooter.java:126)
	at org.apache.maven.surefire.booter.ForkedBooter.main(ForkedBooter.java:418)
</pre></div></td>
<td>37</td>
<td>com.Hackatone.TestClasses.GiftCard@79b06cab</td></tr>
<tr>
<td title='com.Hackatone.TestClasses.GiftCard.testForGiftCards()'><b>testForGiftCards</b><br>Test class: com.Hackatone.TestClasses.GiftCard<br>Parameters: 2000, vikash Kumar Barnwal, vikash@gmail.com, Akansha Kumari, Akanshagmail.com, 2252956686, Happy Birthday Barnwal !!!</td>
<td><div><pre>java.lang.AssertionError: Wrong information Fed-Up :: Verify The Details in attached ScreenShot
	at com.Hackatone.Base.BaseUI.reportFail(BaseUI.java:343)
	at com.Hackatone.Base.BaseUI.validateResult(BaseUI.java:248)
	at com.Hackatone.TestClasses.GiftCard.testForGiftCards(GiftCard.java:62)
... Removed 30 stack frames</pre></div><a href='#' onClick='toggleBox("stack-trace1591398176", this, "Click to show all stack frames", "Click to hide stack frames")'>Click to show all stack frames</a>
<div class='stack-trace' id='stack-trace1591398176'><pre>java.lang.AssertionError: Wrong information Fed-Up :: Verify The Details in attached ScreenShot
	at org.testng.Assert.fail(Assert.java:96)
	at com.Hackatone.Base.BaseUI.reportFail(BaseUI.java:343)
	at com.Hackatone.Base.BaseUI.validateResult(BaseUI.java:248)
	at com.Hackatone.TestClasses.GiftCard.testForGiftCards(GiftCard.java:62)
	at sun.reflect.NativeMethodAccessorImpl.invoke0(Native Method)
	at sun.reflect.NativeMethodAccessorImpl.invoke(NativeMethodAccessorImpl.java:62)
	at sun.reflect.DelegatingMethodAccessorImpl.invoke(DelegatingMethodAccessorImpl.java:43)
	at java.lang.reflect.Method.invoke(Method.java:498)
	at org.testng.internal.MethodInvocationHelper.invokeMethod(MethodInvocationHelper.java:124)
	at org.testng.internal.Invoker.invokeMethod(Invoker.java:583)
	at org.testng.internal.Invoker.invokeTestMethod(Invoker.java:719)
	at org.testng.internal.Invoker.invokeTestMethods(Invoker.java:989)
	at org.testng.internal.TestMethodWorker.invokeTestMethods(TestMethodWorker.java:125)
	at org.testng.internal.TestMethodWorker.run(TestMethodWorker.java:109)
	at org.testng.TestRunner.privateRun(TestRunner.java:648)
	at org.testng.TestRunner.run(TestRunner.java:505)
	at org.testng.SuiteRunner.runTest(SuiteRunner.java:455)
	at org.testng.SuiteRunner.runSequentially(SuiteRunner.java:450)
	at org.testng.SuiteRunner.privateRun(SuiteRunner.java:415)
	at org.testng.SuiteRunner.run(SuiteRunner.java:364)
	at org.testng.SuiteRunnerWorker.runSuite(SuiteRunnerWorker.java:52)
	at org.testng.SuiteRunnerWorker.run(SuiteRunnerWorker.java:84)
	at org.testng.TestNG.runSuitesSequentially(TestNG.java:1208)
	at org.testng.TestNG.runSuitesLocally(TestNG.java:1137)
	at org.testng.TestNG.runSuites(TestNG.java:1049)
	at org.testng.TestNG.run(TestNG.java:1017)
	at org.apache.maven.surefire.testng.TestNGExecutor.run(TestNGExecutor.java:283)
	at org.apache.maven.surefire.testng.TestNGXmlTestSuite.execute(TestNGXmlTestSuite.java:75)
	at org.apache.maven.surefire.testng.TestNGProvider.invoke(TestNGProvider.java:120)
	at org.apache.maven.surefire.booter.ForkedBooter.invokeProviderInSameClassLoader(ForkedBooter.java:384)
	at org.apache.maven.surefire.booter.ForkedBooter.runSuitesInProcess(ForkedBooter.java:345)
	at org.apache.maven.surefire.booter.ForkedBooter.execute(ForkedBooter.java:126)
	at org.apache.maven.surefire.booter.ForkedBooter.main(ForkedBooter.java:418)
</pre></div></td>
<td>37</td>
<td>com.Hackatone.TestClasses.GiftCard@79b06cab</td></tr>
<tr>
<td title='com.Hackatone.TestClasses.GiftCard.testForGiftCards()'><b>testForGiftCards</b><br>Test class: com.Hackatone.TestClasses.GiftCard<br>Parameters: 5000, Subhash Kumar, subhash-gmail.com, Akansha Kumari, akansha@gmail.com, 8493943832, Hii Shubhash, How are You ?</td>
<td><div><pre>java.lang.AssertionError: Wrong information Fed-Up :: Verify The Details in attached ScreenShot
	at com.Hackatone.Base.BaseUI.reportFail(BaseUI.java:343)
	at com.Hackatone.Base.BaseUI.validateResult(BaseUI.java:248)
	at com.Hackatone.TestClasses.GiftCard.testForGiftCards(GiftCard.java:62)
... Removed 30 stack frames</pre></div><a href='#' onClick='toggleBox("stack-trace383392444", this, "Click to show all stack frames", "Click to hide stack frames")'>Click to show all stack frames</a>
<div class='stack-trace' id='stack-trace383392444'><pre>java.lang.AssertionError: Wrong information Fed-Up :: Verify The Details in attached ScreenShot
	at org.testng.Assert.fail(Assert.java:96)
	at com.Hackatone.Base.BaseUI.reportFail(BaseUI.java:343)
	at com.Hackatone.Base.BaseUI.validateResult(BaseUI.java:248)
	at com.Hackatone.TestClasses.GiftCard.testForGiftCards(GiftCard.java:62)
	at sun.reflect.NativeMethodAccessorImpl.invoke0(Native Method)
	at sun.reflect.NativeMethodAccessorImpl.invoke(NativeMethodAccessorImpl.java:62)
	at sun.reflect.DelegatingMethodAccessorImpl.invoke(DelegatingMethodAccessorImpl.java:43)
	at java.lang.reflect.Method.invoke(Method.java:498)
	at org.testng.internal.MethodInvocationHelper.invokeMethod(MethodInvocationHelper.java:124)
	at org.testng.internal.Invoker.invokeMethod(Invoker.java:583)
	at org.testng.internal.Invoker.invokeTestMethod(Invoker.java:719)
	at org.testng.internal.Invoker.invokeTestMethods(Invoker.java:989)
	at org.testng.internal.TestMethodWorker.invokeTestMethods(TestMethodWorker.java:125)
	at org.testng.internal.TestMethodWorker.run(TestMethodWorker.java:109)
	at org.testng.TestRunner.privateRun(TestRunner.java:648)
	at org.testng.TestRunner.run(TestRunner.java:505)
	at org.testng.SuiteRunner.runTest(SuiteRunner.java:455)
	at org.testng.SuiteRunner.runSequentially(SuiteRunner.java:450)
	at org.testng.SuiteRunner.privateRun(SuiteRunner.java:415)
	at org.testng.SuiteRunner.run(SuiteRunner.java:364)
	at org.testng.SuiteRunnerWorker.runSuite(SuiteRunnerWorker.java:52)
	at org.testng.SuiteRunnerWorker.run(SuiteRunnerWorker.java:84)
	at org.testng.TestNG.runSuitesSequentially(TestNG.java:1208)
	at org.testng.TestNG.runSuitesLocally(TestNG.java:1137)
	at org.testng.TestNG.runSuites(TestNG.java:1049)
	at org.testng.TestNG.run(TestNG.java:1017)
	at org.apache.maven.surefire.testng.TestNGExecutor.run(TestNGExecutor.java:283)
	at org.apache.maven.surefire.testng.TestNGXmlTestSuite.execute(TestNGXmlTestSuite.java:75)
	at org.apache.maven.surefire.testng.TestNGProvider.invoke(TestNGProvider.java:120)
	at org.apache.maven.surefire.booter.ForkedBooter.invokeProviderInSameClassLoader(ForkedBooter.java:384)
	at org.apache.maven.surefire.booter.ForkedBooter.runSuitesInProcess(ForkedBooter.java:345)
	at org.apache.maven.surefire.booter.ForkedBooter.execute(ForkedBooter.java:126)
	at org.apache.maven.surefire.booter.ForkedBooter.main(ForkedBooter.java:418)
</pre></div></td>
<td>37</td>
<td>com.Hackatone.TestClasses.GiftCard@79b06cab</td></tr>
<tr>
<td title='com.Hackatone.TestClasses.GiftCard.testForGiftCards()'><b>testForGiftCards</b><br>Test class: com.Hackatone.TestClasses.GiftCard<br>Parameters: 4000, Shivani Kumari, shivani@gmail.com, Vikash Kumar Barnwal, vikash@gmail.com, , Wish you a very-2 Happy Birthday</td>
<td><div><pre>java.lang.AssertionError: Wrong information Fed-Up :: Verify The Details in attached ScreenShot
	at com.Hackatone.Base.BaseUI.reportFail(BaseUI.java:343)
	at com.Hackatone.Base.BaseUI.validateResult(BaseUI.java:248)
	at com.Hackatone.TestClasses.GiftCard.testForGiftCards(GiftCard.java:62)
... Removed 30 stack frames</pre></div><a href='#' onClick='toggleBox("stack-trace901751227", this, "Click to show all stack frames", "Click to hide stack frames")'>Click to show all stack frames</a>
<div class='stack-trace' id='stack-trace901751227'><pre>java.lang.AssertionError: Wrong information Fed-Up :: Verify The Details in attached ScreenShot
	at org.testng.Assert.fail(Assert.java:96)
	at com.Hackatone.Base.BaseUI.reportFail(BaseUI.java:343)
	at com.Hackatone.Base.BaseUI.validateResult(BaseUI.java:248)
	at com.Hackatone.TestClasses.GiftCard.testForGiftCards(GiftCard.java:62)
	at sun.reflect.NativeMethodAccessorImpl.invoke0(Native Method)
	at sun.reflect.NativeMethodAccessorImpl.invoke(NativeMethodAccessorImpl.java:62)
	at sun.reflect.DelegatingMethodAccessorImpl.invoke(DelegatingMethodAccessorImpl.java:43)
	at java.lang.reflect.Method.invoke(Method.java:498)
	at org.testng.internal.MethodInvocationHelper.invokeMethod(MethodInvocationHelper.java:124)
	at org.testng.internal.Invoker.invokeMethod(Invoker.java:583)
	at org.testng.internal.Invoker.invokeTestMethod(Invoker.java:719)
	at org.testng.internal.Invoker.invokeTestMethods(Invoker.java:989)
	at org.testng.internal.TestMethodWorker.invokeTestMethods(TestMethodWorker.java:125)
	at org.testng.internal.TestMethodWorker.run(TestMethodWorker.java:109)
	at org.testng.TestRunner.privateRun(TestRunner.java:648)
	at org.testng.TestRunner.run(TestRunner.java:505)
	at org.testng.SuiteRunner.runTest(SuiteRunner.java:455)
	at org.testng.SuiteRunner.runSequentially(SuiteRunner.java:450)
	at org.testng.SuiteRunner.privateRun(SuiteRunner.java:415)
	at org.testng.SuiteRunner.run(SuiteRunner.java:364)
	at org.testng.SuiteRunnerWorker.runSuite(SuiteRunnerWorker.java:52)
	at org.testng.SuiteRunnerWorker.run(SuiteRunnerWorker.java:84)
	at org.testng.TestNG.runSuitesSequentially(TestNG.java:1208)
	at org.testng.TestNG.runSuitesLocally(TestNG.java:1137)
	at org.testng.TestNG.runSuites(TestNG.java:1049)
	at org.testng.TestNG.run(TestNG.java:1017)
	at org.apache.maven.surefire.testng.TestNGExecutor.run(TestNGExecutor.java:283)
	at org.apache.maven.surefire.testng.TestNGXmlTestSuite.execute(TestNGXmlTestSuite.java:75)
	at org.apache.maven.surefire.testng.TestNGProvider.invoke(TestNGProvider.java:120)
	at org.apache.maven.surefire.booter.ForkedBooter.invokeProviderInSameClassLoader(ForkedBooter.java:384)
	at org.apache.maven.surefire.booter.ForkedBooter.runSuitesInProcess(ForkedBooter.java:345)
	at org.apache.maven.surefire.booter.ForkedBooter.execute(ForkedBooter.java:126)
	at org.apache.maven.surefire.booter.ForkedBooter.main(ForkedBooter.java:418)
</pre></div></td>
<td>37</td>
<td>com.Hackatone.TestClasses.GiftCard@79b06cab</td></tr>
<tr>
<td title='com.Hackatone.TestClasses.GiftCard.testForGiftCards()'><b>testForGiftCards</b><br>Test class: com.Hackatone.TestClasses.GiftCard<br>Parameters: 10000, Aditya Kumar, aditya@gmail.com, Shivani Kumari, , 8493984934, Happy Birthday Aditya !!! ?</td>
<td><div><pre>java.lang.AssertionError: Wrong information Fed-Up :: Verify The Details in attached ScreenShot
	at com.Hackatone.Base.BaseUI.reportFail(BaseUI.java:343)
	at com.Hackatone.Base.BaseUI.validateResult(BaseUI.java:248)
	at com.Hackatone.TestClasses.GiftCard.testForGiftCards(GiftCard.java:62)
... Removed 30 stack frames</pre></div><a href='#' onClick='toggleBox("stack-trace844133497", this, "Click to show all stack frames", "Click to hide stack frames")'>Click to show all stack frames</a>
<div class='stack-trace' id='stack-trace844133497'><pre>java.lang.AssertionError: Wrong information Fed-Up :: Verify The Details in attached ScreenShot
	at org.testng.Assert.fail(Assert.java:96)
	at com.Hackatone.Base.BaseUI.reportFail(BaseUI.java:343)
	at com.Hackatone.Base.BaseUI.validateResult(BaseUI.java:248)
	at com.Hackatone.TestClasses.GiftCard.testForGiftCards(GiftCard.java:62)
	at sun.reflect.NativeMethodAccessorImpl.invoke0(Native Method)
	at sun.reflect.NativeMethodAccessorImpl.invoke(NativeMethodAccessorImpl.java:62)
	at sun.reflect.DelegatingMethodAccessorImpl.invoke(DelegatingMethodAccessorImpl.java:43)
	at java.lang.reflect.Method.invoke(Method.java:498)
	at org.testng.internal.MethodInvocationHelper.invokeMethod(MethodInvocationHelper.java:124)
	at org.testng.internal.Invoker.invokeMethod(Invoker.java:583)
	at org.testng.internal.Invoker.invokeTestMethod(Invoker.java:719)
	at org.testng.internal.Invoker.invokeTestMethods(Invoker.java:989)
	at org.testng.internal.TestMethodWorker.invokeTestMethods(TestMethodWorker.java:125)
	at org.testng.internal.TestMethodWorker.run(TestMethodWorker.java:109)
	at org.testng.TestRunner.privateRun(TestRunner.java:648)
	at org.testng.TestRunner.run(TestRunner.java:505)
	at org.testng.SuiteRunner.runTest(SuiteRunner.java:455)
	at org.testng.SuiteRunner.runSequentially(SuiteRunner.java:450)
	at org.testng.SuiteRunner.privateRun(SuiteRunner.java:415)
	at org.testng.SuiteRunner.run(SuiteRunner.java:364)
	at org.testng.SuiteRunnerWorker.runSuite(SuiteRunnerWorker.java:52)
	at org.testng.SuiteRunnerWorker.run(SuiteRunnerWorker.java:84)
	at org.testng.TestNG.runSuitesSequentially(TestNG.java:1208)
	at org.testng.TestNG.runSuitesLocally(TestNG.java:1137)
	at org.testng.TestNG.runSuites(TestNG.java:1049)
	at org.testng.TestNG.run(TestNG.java:1017)
	at org.apache.maven.surefire.testng.TestNGExecutor.run(TestNGExecutor.java:283)
	at org.apache.maven.surefire.testng.TestNGXmlTestSuite.execute(TestNGXmlTestSuite.java:75)
	at org.apache.maven.surefire.testng.TestNGProvider.invoke(TestNGProvider.java:120)
	at org.apache.maven.surefire.booter.ForkedBooter.invokeProviderInSameClassLoader(ForkedBooter.java:384)
	at org.apache.maven.surefire.booter.ForkedBooter.runSuitesInProcess(ForkedBooter.java:345)
	at org.apache.maven.surefire.booter.ForkedBooter.execute(ForkedBooter.java:126)
	at org.apache.maven.surefire.booter.ForkedBooter.main(ForkedBooter.java:418)
</pre></div></td>
<td>36</td>
<td>com.Hackatone.TestClasses.GiftCard@79b06cab</td></tr>
<tr>
<td title='com.Hackatone.TestClasses.GiftCard.testForGiftCards()'><b>testForGiftCards</b><br>Test class: com.Hackatone.TestClasses.GiftCard<br>Parameters: 6000, Subhash Kumar, , Vikash Kumar Barnwal, vikashgmail.com, 9693939906, Happy Birthday Shubhash !!!</td>
<td><div><pre>java.lang.AssertionError: Wrong information Fed-Up :: Verify The Details in attached ScreenShot
	at com.Hackatone.Base.BaseUI.reportFail(BaseUI.java:343)
	at com.Hackatone.Base.BaseUI.validateResult(BaseUI.java:248)
	at com.Hackatone.TestClasses.GiftCard.testForGiftCards(GiftCard.java:62)
... Removed 30 stack frames</pre></div><a href='#' onClick='toggleBox("stack-trace1459462244", this, "Click to show all stack frames", "Click to hide stack frames")'>Click to show all stack frames</a>
<div class='stack-trace' id='stack-trace1459462244'><pre>java.lang.AssertionError: Wrong information Fed-Up :: Verify The Details in attached ScreenShot
	at org.testng.Assert.fail(Assert.java:96)
	at com.Hackatone.Base.BaseUI.reportFail(BaseUI.java:343)
	at com.Hackatone.Base.BaseUI.validateResult(BaseUI.java:248)
	at com.Hackatone.TestClasses.GiftCard.testForGiftCards(GiftCard.java:62)
	at sun.reflect.NativeMethodAccessorImpl.invoke0(Native Method)
	at sun.reflect.NativeMethodAccessorImpl.invoke(NativeMethodAccessorImpl.java:62)
	at sun.reflect.DelegatingMethodAccessorImpl.invoke(DelegatingMethodAccessorImpl.java:43)
	at java.lang.reflect.Method.invoke(Method.java:498)
	at org.testng.internal.MethodInvocationHelper.invokeMethod(MethodInvocationHelper.java:124)
	at org.testng.internal.Invoker.invokeMethod(Invoker.java:583)
	at org.testng.internal.Invoker.invokeTestMethod(Invoker.java:719)
	at org.testng.internal.Invoker.invokeTestMethods(Invoker.java:989)
	at org.testng.internal.TestMethodWorker.invokeTestMethods(TestMethodWorker.java:125)
	at org.testng.internal.TestMethodWorker.run(TestMethodWorker.java:109)
	at org.testng.TestRunner.privateRun(TestRunner.java:648)
	at org.testng.TestRunner.run(TestRunner.java:505)
	at org.testng.SuiteRunner.runTest(SuiteRunner.java:455)
	at org.testng.SuiteRunner.runSequentially(SuiteRunner.java:450)
	at org.testng.SuiteRunner.privateRun(SuiteRunner.java:415)
	at org.testng.SuiteRunner.run(SuiteRunner.java:364)
	at org.testng.SuiteRunnerWorker.runSuite(SuiteRunnerWorker.java:52)
	at org.testng.SuiteRunnerWorker.run(SuiteRunnerWorker.java:84)
	at org.testng.TestNG.runSuitesSequentially(TestNG.java:1208)
	at org.testng.TestNG.runSuitesLocally(TestNG.java:1137)
	at org.testng.TestNG.runSuites(TestNG.java:1049)
	at org.testng.TestNG.run(TestNG.java:1017)
	at org.apache.maven.surefire.testng.TestNGExecutor.run(TestNGExecutor.java:283)
	at org.apache.maven.surefire.testng.TestNGXmlTestSuite.execute(TestNGXmlTestSuite.java:75)
	at org.apache.maven.surefire.testng.TestNGProvider.invoke(TestNGProvider.java:120)
	at org.apache.maven.surefire.booter.ForkedBooter.invokeProviderInSameClassLoader(ForkedBooter.java:384)
	at org.apache.maven.surefire.booter.ForkedBooter.runSuitesInProcess(ForkedBooter.java:345)
	at org.apache.maven.surefire.booter.ForkedBooter.execute(ForkedBooter.java:126)
	at org.apache.maven.surefire.booter.ForkedBooter.main(ForkedBooter.java:418)
</pre></div></td>
<td>37</td>
<td>com.Hackatone.TestClasses.GiftCard@79b06cab</td></tr>
<tr>
<td title='com.Hackatone.TestClasses.GiftCard.testForGiftCards()'><b>testForGiftCards</b><br>Test class: com.Hackatone.TestClasses.GiftCard<br>Parameters: , Subhash, subhash@gmail.com, Vikash Kumar Barnwal, vikashgmail.com, 9693939906, Hii Shubhash, How are You ?</td>
<td><div><pre>java.lang.AssertionError: element not interactable
  (Session info: chrome=86.0.4240.111)
Build info: version: &apos;3.141.59&apos;, revision: &apos;e82be7d358&apos;, time: &apos;2018-11-14T08:17:03&apos;
System info: host: &apos;LAPTOP-7COG7LUP&apos;, ip: &apos;192.168.1.100&apos;, os.name: &apos;Windows 10&apos;, os.arch: &apos;amd64&apos;, os.version: &apos;10.0&apos;, java.version: &apos;1.8.0_241&apos;
Driver info: org.openqa.selenium.remote.RemoteWebDriver
Capabilities {acceptInsecureCerts: false, browserName: chrome, browserVersion: 86.0.4240.111, chrome: {chromedriverVersion: 85.0.4183.87 (cd6713ebf92fa..., userDataDir: C:\Users\SUBASH~1\AppData\L...}, goog:chromeOptions: {debuggerAddress: localhost:51585}, javascriptEnabled: true, networkConnectionEnabled: false, pageLoadStrategy: normal, platform: WINDOWS, platformName: WINDOWS, proxy: Proxy(), setWindowRect: true, strictFileInteractability: false, timeouts: {implicit: 0, pageLoad: 300000, script: 30000}, unhandledPromptBehavior: dismiss and notify, webauthn:virtualAuthenticators: true, webdriver.remote.sessionid: 0a62aa7b101780f92584b98146c...}
Session ID: 0a62aa7b101780f92584b98146c900b9
	at com.Hackatone.Base.BaseUI.reportFail(BaseUI.java:343)
	at com.Hackatone.Base.BaseUI.enterText(BaseUI.java:132)
	at com.Hackatone.TestClasses.GiftCard.testForGiftCards(GiftCard.java:41)
... Removed 30 stack frames</pre></div><a href='#' onClick='toggleBox("stack-trace1671200668", this, "Click to show all stack frames", "Click to hide stack frames")'>Click to show all stack frames</a>
<div class='stack-trace' id='stack-trace1671200668'><pre>java.lang.AssertionError: element not interactable
  (Session info: chrome=86.0.4240.111)
Build info: version: &apos;3.141.59&apos;, revision: &apos;e82be7d358&apos;, time: &apos;2018-11-14T08:17:03&apos;
System info: host: &apos;LAPTOP-7COG7LUP&apos;, ip: &apos;192.168.1.100&apos;, os.name: &apos;Windows 10&apos;, os.arch: &apos;amd64&apos;, os.version: &apos;10.0&apos;, java.version: &apos;1.8.0_241&apos;
Driver info: org.openqa.selenium.remote.RemoteWebDriver
Capabilities {acceptInsecureCerts: false, browserName: chrome, browserVersion: 86.0.4240.111, chrome: {chromedriverVersion: 85.0.4183.87 (cd6713ebf92fa..., userDataDir: C:\Users\SUBASH~1\AppData\L...}, goog:chromeOptions: {debuggerAddress: localhost:51585}, javascriptEnabled: true, networkConnectionEnabled: false, pageLoadStrategy: normal, platform: WINDOWS, platformName: WINDOWS, proxy: Proxy(), setWindowRect: true, strictFileInteractability: false, timeouts: {implicit: 0, pageLoad: 300000, script: 30000}, unhandledPromptBehavior: dismiss and notify, webauthn:virtualAuthenticators: true, webdriver.remote.sessionid: 0a62aa7b101780f92584b98146c...}
Session ID: 0a62aa7b101780f92584b98146c900b9
	at org.testng.Assert.fail(Assert.java:96)
	at com.Hackatone.Base.BaseUI.reportFail(BaseUI.java:343)
	at com.Hackatone.Base.BaseUI.enterText(BaseUI.java:132)
	at com.Hackatone.TestClasses.GiftCard.testForGiftCards(GiftCard.java:41)
	at sun.reflect.NativeMethodAccessorImpl.invoke0(Native Method)
	at sun.reflect.NativeMethodAccessorImpl.invoke(NativeMethodAccessorImpl.java:62)
	at sun.reflect.DelegatingMethodAccessorImpl.invoke(DelegatingMethodAccessorImpl.java:43)
	at java.lang.reflect.Method.invoke(Method.java:498)
	at org.testng.internal.MethodInvocationHelper.invokeMethod(MethodInvocationHelper.java:124)
	at org.testng.internal.Invoker.invokeMethod(Invoker.java:583)
	at org.testng.internal.Invoker.invokeTestMethod(Invoker.java:719)
	at org.testng.internal.Invoker.invokeTestMethods(Invoker.java:989)
	at org.testng.internal.TestMethodWorker.invokeTestMethods(TestMethodWorker.java:125)
	at org.testng.internal.TestMethodWorker.run(TestMethodWorker.java:109)
	at org.testng.TestRunner.privateRun(TestRunner.java:648)
	at org.testng.TestRunner.run(TestRunner.java:505)
	at org.testng.SuiteRunner.runTest(SuiteRunner.java:455)
	at org.testng.SuiteRunner.runSequentially(SuiteRunner.java:450)
	at org.testng.SuiteRunner.privateRun(SuiteRunner.java:415)
	at org.testng.SuiteRunner.run(SuiteRunner.java:364)
	at org.testng.SuiteRunnerWorker.runSuite(SuiteRunnerWorker.java:52)
	at org.testng.SuiteRunnerWorker.run(SuiteRunnerWorker.java:84)
	at org.testng.TestNG.runSuitesSequentially(TestNG.java:1208)
	at org.testng.TestNG.runSuitesLocally(TestNG.java:1137)
	at org.testng.TestNG.runSuites(TestNG.java:1049)
	at org.testng.TestNG.run(TestNG.java:1017)
	at org.apache.maven.surefire.testng.TestNGExecutor.run(TestNGExecutor.java:283)
	at org.apache.maven.surefire.testng.TestNGXmlTestSuite.execute(TestNGXmlTestSuite.java:75)
	at org.apache.maven.surefire.testng.TestNGProvider.invoke(TestNGProvider.java:120)
	at org.apache.maven.surefire.booter.ForkedBooter.invokeProviderInSameClassLoader(ForkedBooter.java:384)
	at org.apache.maven.surefire.booter.ForkedBooter.runSuitesInProcess(ForkedBooter.java:345)
	at org.apache.maven.surefire.booter.ForkedBooter.execute(ForkedBooter.java:126)
	at org.apache.maven.surefire.booter.ForkedBooter.main(ForkedBooter.java:418)
</pre></div></td>
<td>148</td>
<td>com.Hackatone.TestClasses.GiftCard@79b06cab</td></tr>
<tr>
<td title='com.Hackatone.TestClasses.GiftCard.testForGiftCards()'><b>testForGiftCards</b><br>Test class: com.Hackatone.TestClasses.GiftCard<br>Parameters: 3000, Priyank Kumar, priyank@gmail.com, , vikashgmail.com, 9693939906, Happy Birthday Priyank !!!</td>
<td><div><pre>java.lang.AssertionError: Wrong information Fed-Up :: Verify The Details in attached ScreenShot
	at com.Hackatone.Base.BaseUI.reportFail(BaseUI.java:343)
	at com.Hackatone.Base.BaseUI.validateResult(BaseUI.java:248)
	at com.Hackatone.TestClasses.GiftCard.testForGiftCards(GiftCard.java:62)
... Removed 30 stack frames</pre></div><a href='#' onClick='toggleBox("stack-trace101319115", this, "Click to show all stack frames", "Click to hide stack frames")'>Click to show all stack frames</a>
<div class='stack-trace' id='stack-trace101319115'><pre>java.lang.AssertionError: Wrong information Fed-Up :: Verify The Details in attached ScreenShot
	at org.testng.Assert.fail(Assert.java:96)
	at com.Hackatone.Base.BaseUI.reportFail(BaseUI.java:343)
	at com.Hackatone.Base.BaseUI.validateResult(BaseUI.java:248)
	at com.Hackatone.TestClasses.GiftCard.testForGiftCards(GiftCard.java:62)
	at sun.reflect.NativeMethodAccessorImpl.invoke0(Native Method)
	at sun.reflect.NativeMethodAccessorImpl.invoke(NativeMethodAccessorImpl.java:62)
	at sun.reflect.DelegatingMethodAccessorImpl.invoke(DelegatingMethodAccessorImpl.java:43)
	at java.lang.reflect.Method.invoke(Method.java:498)
	at org.testng.internal.MethodInvocationHelper.invokeMethod(MethodInvocationHelper.java:124)
	at org.testng.internal.Invoker.invokeMethod(Invoker.java:583)
	at org.testng.internal.Invoker.invokeTestMethod(Invoker.java:719)
	at org.testng.internal.Invoker.invokeTestMethods(Invoker.java:989)
	at org.testng.internal.TestMethodWorker.invokeTestMethods(TestMethodWorker.java:125)
	at org.testng.internal.TestMethodWorker.run(TestMethodWorker.java:109)
	at org.testng.TestRunner.privateRun(TestRunner.java:648)
	at org.testng.TestRunner.run(TestRunner.java:505)
	at org.testng.SuiteRunner.runTest(SuiteRunner.java:455)
	at org.testng.SuiteRunner.runSequentially(SuiteRunner.java:450)
	at org.testng.SuiteRunner.privateRun(SuiteRunner.java:415)
	at org.testng.SuiteRunner.run(SuiteRunner.java:364)
	at org.testng.SuiteRunnerWorker.runSuite(SuiteRunnerWorker.java:52)
	at org.testng.SuiteRunnerWorker.run(SuiteRunnerWorker.java:84)
	at org.testng.TestNG.runSuitesSequentially(TestNG.java:1208)
	at org.testng.TestNG.runSuitesLocally(TestNG.java:1137)
	at org.testng.TestNG.runSuites(TestNG.java:1049)
	at org.testng.TestNG.run(TestNG.java:1017)
	at org.apache.maven.surefire.testng.TestNGExecutor.run(TestNGExecutor.java:283)
	at org.apache.maven.surefire.testng.TestNGXmlTestSuite.execute(TestNGXmlTestSuite.java:75)
	at org.apache.maven.surefire.testng.TestNGProvider.invoke(TestNGProvider.java:120)
	at org.apache.maven.surefire.booter.ForkedBooter.invokeProviderInSameClassLoader(ForkedBooter.java:384)
	at org.apache.maven.surefire.booter.ForkedBooter.runSuitesInProcess(ForkedBooter.java:345)
	at org.apache.maven.surefire.booter.ForkedBooter.execute(ForkedBooter.java:126)
	at org.apache.maven.surefire.booter.ForkedBooter.main(ForkedBooter.java:418)
</pre></div></td>
<td>36</td>
<td>com.Hackatone.TestClasses.GiftCard@79b06cab</td></tr>
<tr>
<td title='com.Hackatone.TestClasses.GiftCard.testForGiftCards()'><b>testForGiftCards</b><br>Test class: com.Hackatone.TestClasses.GiftCard<br>Parameters: 7000, Shagun Kumari, shagun@gmail.com, Vikash Kumar Barnwal, , , Happy Birthday Shagun !!!</td>
<td><div><pre>java.lang.AssertionError: Wrong information Fed-Up :: Verify The Details in attached ScreenShot
	at com.Hackatone.Base.BaseUI.reportFail(BaseUI.java:343)
	at com.Hackatone.Base.BaseUI.validateResult(BaseUI.java:248)
	at com.Hackatone.TestClasses.GiftCard.testForGiftCards(GiftCard.java:62)
... Removed 30 stack frames</pre></div><a href='#' onClick='toggleBox("stack-trace1574347976", this, "Click to show all stack frames", "Click to hide stack frames")'>Click to show all stack frames</a>
<div class='stack-trace' id='stack-trace1574347976'><pre>java.lang.AssertionError: Wrong information Fed-Up :: Verify The Details in attached ScreenShot
	at org.testng.Assert.fail(Assert.java:96)
	at com.Hackatone.Base.BaseUI.reportFail(BaseUI.java:343)
	at com.Hackatone.Base.BaseUI.validateResult(BaseUI.java:248)
	at com.Hackatone.TestClasses.GiftCard.testForGiftCards(GiftCard.java:62)
	at sun.reflect.NativeMethodAccessorImpl.invoke0(Native Method)
	at sun.reflect.NativeMethodAccessorImpl.invoke(NativeMethodAccessorImpl.java:62)
	at sun.reflect.DelegatingMethodAccessorImpl.invoke(DelegatingMethodAccessorImpl.java:43)
	at java.lang.reflect.Method.invoke(Method.java:498)
	at org.testng.internal.MethodInvocationHelper.invokeMethod(MethodInvocationHelper.java:124)
	at org.testng.internal.Invoker.invokeMethod(Invoker.java:583)
	at org.testng.internal.Invoker.invokeTestMethod(Invoker.java:719)
	at org.testng.internal.Invoker.invokeTestMethods(Invoker.java:989)
	at org.testng.internal.TestMethodWorker.invokeTestMethods(TestMethodWorker.java:125)
	at org.testng.internal.TestMethodWorker.run(TestMethodWorker.java:109)
	at org.testng.TestRunner.privateRun(TestRunner.java:648)
	at org.testng.TestRunner.run(TestRunner.java:505)
	at org.testng.SuiteRunner.runTest(SuiteRunner.java:455)
	at org.testng.SuiteRunner.runSequentially(SuiteRunner.java:450)
	at org.testng.SuiteRunner.privateRun(SuiteRunner.java:415)
	at org.testng.SuiteRunner.run(SuiteRunner.java:364)
	at org.testng.SuiteRunnerWorker.runSuite(SuiteRunnerWorker.java:52)
	at org.testng.SuiteRunnerWorker.run(SuiteRunnerWorker.java:84)
	at org.testng.TestNG.runSuitesSequentially(TestNG.java:1208)
	at org.testng.TestNG.runSuitesLocally(TestNG.java:1137)
	at org.testng.TestNG.runSuites(TestNG.java:1049)
	at org.testng.TestNG.run(TestNG.java:1017)
	at org.apache.maven.surefire.testng.TestNGExecutor.run(TestNGExecutor.java:283)
	at org.apache.maven.surefire.testng.TestNGXmlTestSuite.execute(TestNGXmlTestSuite.java:75)
	at org.apache.maven.surefire.testng.TestNGProvider.invoke(TestNGProvider.java:120)
	at org.apache.maven.surefire.booter.ForkedBooter.invokeProviderInSameClassLoader(ForkedBooter.java:384)
	at org.apache.maven.surefire.booter.ForkedBooter.runSuitesInProcess(ForkedBooter.java:345)
	at org.apache.maven.surefire.booter.ForkedBooter.execute(ForkedBooter.java:126)
	at org.apache.maven.surefire.booter.ForkedBooter.main(ForkedBooter.java:418)
</pre></div></td>
<td>37</td>
<td>com.Hackatone.TestClasses.GiftCard@79b06cab</td></tr>
<tr>
<td title='com.Hackatone.TestClasses.GiftCard.testForGiftCards()'><b>testForGiftCards</b><br>Test class: com.Hackatone.TestClasses.GiftCard<br>Parameters: 3450, , , , vikashgmail.com, 9693939906, Hii Shubhash, How are You ?</td>
<td><div><pre>java.lang.AssertionError: Wrong information Fed-Up :: Verify The Details in attached ScreenShot
	at com.Hackatone.Base.BaseUI.reportFail(BaseUI.java:343)
	at com.Hackatone.Base.BaseUI.validateResult(BaseUI.java:248)
	at com.Hackatone.TestClasses.GiftCard.testForGiftCards(GiftCard.java:62)
... Removed 30 stack frames</pre></div><a href='#' onClick='toggleBox("stack-trace1831711067", this, "Click to show all stack frames", "Click to hide stack frames")'>Click to show all stack frames</a>
<div class='stack-trace' id='stack-trace1831711067'><pre>java.lang.AssertionError: Wrong information Fed-Up :: Verify The Details in attached ScreenShot
	at org.testng.Assert.fail(Assert.java:96)
	at com.Hackatone.Base.BaseUI.reportFail(BaseUI.java:343)
	at com.Hackatone.Base.BaseUI.validateResult(BaseUI.java:248)
	at com.Hackatone.TestClasses.GiftCard.testForGiftCards(GiftCard.java:62)
	at sun.reflect.NativeMethodAccessorImpl.invoke0(Native Method)
	at sun.reflect.NativeMethodAccessorImpl.invoke(NativeMethodAccessorImpl.java:62)
	at sun.reflect.DelegatingMethodAccessorImpl.invoke(DelegatingMethodAccessorImpl.java:43)
	at java.lang.reflect.Method.invoke(Method.java:498)
	at org.testng.internal.MethodInvocationHelper.invokeMethod(MethodInvocationHelper.java:124)
	at org.testng.internal.Invoker.invokeMethod(Invoker.java:583)
	at org.testng.internal.Invoker.invokeTestMethod(Invoker.java:719)
	at org.testng.internal.Invoker.invokeTestMethods(Invoker.java:989)
	at org.testng.internal.TestMethodWorker.invokeTestMethods(TestMethodWorker.java:125)
	at org.testng.internal.TestMethodWorker.run(TestMethodWorker.java:109)
	at org.testng.TestRunner.privateRun(TestRunner.java:648)
	at org.testng.TestRunner.run(TestRunner.java:505)
	at org.testng.SuiteRunner.runTest(SuiteRunner.java:455)
	at org.testng.SuiteRunner.runSequentially(SuiteRunner.java:450)
	at org.testng.SuiteRunner.privateRun(SuiteRunner.java:415)
	at org.testng.SuiteRunner.run(SuiteRunner.java:364)
	at org.testng.SuiteRunnerWorker.runSuite(SuiteRunnerWorker.java:52)
	at org.testng.SuiteRunnerWorker.run(SuiteRunnerWorker.java:84)
	at org.testng.TestNG.runSuitesSequentially(TestNG.java:1208)
	at org.testng.TestNG.runSuitesLocally(TestNG.java:1137)
	at org.testng.TestNG.runSuites(TestNG.java:1049)
	at org.testng.TestNG.run(TestNG.java:1017)
	at org.apache.maven.surefire.testng.TestNGExecutor.run(TestNGExecutor.java:283)
	at org.apache.maven.surefire.testng.TestNGXmlTestSuite.execute(TestNGXmlTestSuite.java:75)
	at org.apache.maven.surefire.testng.TestNGProvider.invoke(TestNGProvider.java:120)
	at org.apache.maven.surefire.booter.ForkedBooter.invokeProviderInSameClassLoader(ForkedBooter.java:384)
	at org.apache.maven.surefire.booter.ForkedBooter.runSuitesInProcess(ForkedBooter.java:345)
	at org.apache.maven.surefire.booter.ForkedBooter.execute(ForkedBooter.java:126)
	at org.apache.maven.surefire.booter.ForkedBooter.main(ForkedBooter.java:418)
</pre></div></td>
<td>37</td>
<td>com.Hackatone.TestClasses.GiftCard@79b06cab</td></tr>
</table><p>
<table width='100%' border='1' class='invocation-passed'>
<tr><td colspan='4' align='center'><b>PASSED TESTS</b></td></tr>
<tr><td><b>Test method</b></td>
<td width="30%"><b>Exception</b></td>
<td width="10%"><b>Time (seconds)</b></td>
<td><b>Instance</b></td>
</tr>
<tr>
<td title='com.Hackatone.TestClasses.GetHomeItems.getHomeListItems_one()'><b>getHomeListItems_one</b><br>Test class: com.Hackatone.TestClasses.GetHomeItems</td>
<td></td>
<td>14</td>
<td>com.Hackatone.TestClasses.GetHomeItems@363ee3a2</td></tr>
<tr>
<td title='com.Hackatone.TestClasses.GiftCard.testForGiftCards()'><b>testForGiftCards</b><br>Test class: com.Hackatone.TestClasses.GiftCard<br>Parameters: 2000, Piyank Kumar, piyank@gmail.com, Vikash Kumar Barnwal, vikash@gmail.com, 9693939906, Hii Piyank, How are You ?</td>
<td></td>
<td>40</td>
<td>com.Hackatone.TestClasses.GiftCard@79b06cab</td></tr>
<tr>
<td title='com.Hackatone.TestClasses.GiftCard.testForGiftCards()'><b>testForGiftCards</b><br>Test class: com.Hackatone.TestClasses.GiftCard<br>Parameters: 3000, Aditya, aditya@gmail.com, Akansha Kumari, akansha@gmail.com, 182855, Happy BirthDay Aditya !!!</td>
<td></td>
<td>34</td>
<td>com.Hackatone.TestClasses.GiftCard@79b06cab</td></tr>
<tr>
<td title='com.Hackatone.TestClasses.GiftCard.testForGiftCards()'><b>testForGiftCards</b><br>Test class: com.Hackatone.TestClasses.GiftCard<br>Parameters: 9000, Sagar Mehta, sagar@gmail.com, Aditya Kumar, aditya@gmail.com, 9495939204, Happy Birthday MehtaJi</td>
<td></td>
<td>35</td>
<td>com.Hackatone.TestClasses.GiftCard@79b06cab</td></tr>
<tr>
<td title='com.Hackatone.TestClasses.GiftCard.testForGiftCards()'><b>testForGiftCards</b><br>Test class: com.Hackatone.TestClasses.GiftCard<br>Parameters: 7000, Arbind Kapoor, arbind@gmail.com, Vikash Kumar Barnwal, vikash@gmail.com, 969393990684994, Happy Birthday GuptaJi</td>
<td></td>
<td>36</td>
<td>com.Hackatone.TestClasses.GiftCard@79b06cab</td></tr>
<tr>
<td title='com.Hackatone.TestClasses.GiftCard.testForGiftCards()'><b>testForGiftCards</b><br>Test class: com.Hackatone.TestClasses.GiftCard<br>Parameters: 8000, Rahul Dugar, dugar@gmail.com, Akansha Sen, akansha@gmail.com, 9383028392, Happy BirthDay Dugar Saheb !!!</td>
<td></td>
<td>36</td>
<td>com.Hackatone.TestClasses.GiftCard@79b06cab</td></tr>
<tr>
<td title='com.Hackatone.TestClasses.GetStudyChair.testForStudyChairs()'><b>testForStudyChairs</b><br>Test class: com.Hackatone.TestClasses.GetStudyChair</td>
<td></td>
<td>22</td>
<td>com.Hackatone.TestClasses.GetStudyChair@4690b489</td></tr>
<tr>
<td title='com.Hackatone.TestClasses.GetBookshelves.testOneForBookshelves()'><b>testOneForBookshelves</b><br>Test class: com.Hackatone.TestClasses.GetBookshelves</td>
<td></td>
<td>29</td>
<td>com.Hackatone.TestClasses.GetBookshelves@4386f16</td></tr>
</table><p>
</body>
</html>