<?xml version="1.0" encoding="UTF-8"?>
<testng-results skipped="0" failed="12" ignored="2" total="22" passed="8">
  <reporter-output>
  </reporter-output>
  <suite name="Suite" duration-ms="796935" started-at="2020-11-01T12:23:15Z" finished-at="2020-11-01T12:36:32Z">
    <groups>
    </groups>
    <test name="exicuteTestCases" duration-ms="796935" started-at="2020-11-01T12:23:15Z" finished-at="2020-11-01T12:36:32Z">
      <class name="com.Hackatone.TestClasses.GiftCard">
        <test-method status="PASS" signature="testForGiftCards(java.lang.String, java.lang.String, java.lang.String, java.lang.String, java.lang.String, java.lang.String, java.lang.String)[pri:0, instance:com.Hackatone.TestClasses.GiftCard@79b06cab]" name="testForGiftCards" duration-ms="40443" started-at="2020-11-01T12:24:36Z" data-provider="getData" finished-at="2020-11-01T12:25:17Z">
          <params>
            <param index="0">
              <value>
                <![CDATA[2000]]>
              </value>
            </param>
            <param index="1">
              <value>
                <![CDATA[Piyank Kumar]]>
              </value>
            </param>
            <param index="2">
              <value>
                <![CDATA[piyank@gmail.com]]>
              </value>
            </param>
            <param index="3">
              <value>
                <![CDATA[Vikash Kumar Barnwal]]>
              </value>
            </param>
            <param index="4">
              <value>
                <![CDATA[vikash@gmail.com]]>
              </value>
            </param>
            <param index="5">
              <value>
                <![CDATA[9693939906]]>
              </value>
            </param>
            <param index="6">
              <value>
                <![CDATA[Hii Piyank, How are You ?]]>
              </value>
            </param>
          </params>
          <reporter-output>
          </reporter-output>
        </test-method> <!-- testForGiftCards -->
        <test-method status="PASS" signature="afterTest()[pri:0, instance:com.Hackatone.TestClasses.GiftCard@79b06cab]" name="afterTest" is-config="true" duration-ms="967" started-at="2020-11-01T12:25:17Z" finished-at="2020-11-01T12:25:18Z">
          <reporter-output>
          </reporter-output>
        </test-method> <!-- afterTest -->
        <test-method status="FAIL" signature="testForGiftCards(java.lang.String, java.lang.String, java.lang.String, java.lang.String, java.lang.String, java.lang.String, java.lang.String)[pri:0, instance:com.Hackatone.TestClasses.GiftCard@79b06cab]" name="testForGiftCards" duration-ms="38115" started-at="2020-11-01T12:25:18Z" data-provider="getData" finished-at="2020-11-01T12:25:56Z">
          <params>
            <param index="0">
              <value>
                <![CDATA[10000]]>
              </value>
            </param>
            <param index="1">
              <value>
                <![CDATA[Akansha Kumari]]>
              </value>
            </param>
            <param index="2">
              <value>
                <![CDATA[akansha@gmail.com]]>
              </value>
            </param>
            <param index="3">
              <value>
                <![CDATA[Vikash Kumar Barnwal]]>
              </value>
            </param>
            <param index="4">
              <value>
                <![CDATA[vikash@gmail.com]]>
              </value>
            </param>
            <param index="5">
              <value>
                <![CDATA[]]>
              </value>
            </param>
            <param index="6">
              <value>
                <![CDATA[Hii Akansha, How are You ?]]>
              </value>
            </param>
          </params>
          <exception class="java.lang.AssertionError">
            <message>
              <![CDATA[Wrong information Fed-Up :: Verify The Details in attached ScreenShot]]>
            </message>
            <full-stacktrace>
              <![CDATA[java.lang.AssertionError: Wrong information Fed-Up :: Verify The Details in attached ScreenShot
at org.testng.Assert.fail(Assert.java:96)
at com.Hackatone.Base.BaseUI.reportFail(BaseUI.java:343)
at com.Hackatone.Base.BaseUI.validateResult(BaseUI.java:248)
at com.Hackatone.TestClasses.GiftCard.testForGiftCards(GiftCard.java:62)
at sun.reflect.NativeMethodAccessorImpl.invoke0(Native Method)
at sun.reflect.NativeMethodAccessorImpl.invoke(NativeMethodAccessorImpl.java:62)
at sun.reflect.DelegatingMethodAccessorImpl.invoke(DelegatingMethodAccessorImpl.java:43)
at java.lang.reflect.Method.invoke(Method.java:498)
at org.testng.internal.MethodInvocationHelper.invokeMethod(MethodInvocationHelper.java:124)
at org.testng.internal.Invoker.invokeMethod(Invoker.java:583)
at org.testng.internal.Invoker.invokeTestMethod(Invoker.java:719)
at org.testng.internal.Invoker.invokeTestMethods(Invoker.java:989)
at org.testng.internal.TestMethodWorker.invokeTestMethods(TestMethodWorker.java:125)
at org.testng.internal.TestMethodWorker.run(TestMethodWorker.java:109)
at org.testng.TestRunner.privateRun(TestRunner.java:648)
at org.testng.TestRunner.run(TestRunner.java:505)
at org.testng.SuiteRunner.runTest(SuiteRunner.java:455)
at org.testng.SuiteRunner.runSequentially(SuiteRunner.java:450)
at org.testng.SuiteRunner.privateRun(SuiteRunner.java:415)
at org.testng.SuiteRunner.run(SuiteRunner.java:364)
at org.testng.SuiteRunnerWorker.runSuite(SuiteRunnerWorker.java:52)
at org.testng.SuiteRunnerWorker.run(SuiteRunnerWorker.java:84)
at org.testng.TestNG.runSuitesSequentially(TestNG.java:1208)
at org.testng.TestNG.runSuitesLocally(TestNG.java:1137)
at org.testng.TestNG.runSuites(TestNG.java:1049)
at org.testng.TestNG.run(TestNG.java:1017)
at org.apache.maven.surefire.testng.TestNGExecutor.run(TestNGExecutor.java:283)
at org.apache.maven.surefire.testng.TestNGXmlTestSuite.execute(TestNGXmlTestSuite.java:75)
at org.apache.maven.surefire.testng.TestNGProvider.invoke(TestNGProvider.java:120)
at org.apache.maven.surefire.booter.ForkedBooter.invokeProviderInSameClassLoader(ForkedBooter.java:384)
at org.apache.maven.surefire.booter.ForkedBooter.runSuitesInProcess(ForkedBooter.java:345)
at org.apache.maven.surefire.booter.ForkedBooter.execute(ForkedBooter.java:126)
at org.apache.maven.surefire.booter.ForkedBooter.main(ForkedBooter.java:418)
]]>
            </full-stacktrace>
          </exception> <!-- java.lang.AssertionError -->
          <reporter-output>
          </reporter-output>
        </test-method> <!-- testForGiftCards -->
        <test-method status="PASS" signature="afterTest()[pri:0, instance:com.Hackatone.TestClasses.GiftCard@79b06cab]" name="afterTest" is-config="true" duration-ms="455" started-at="2020-11-01T12:25:56Z" finished-at="2020-11-01T12:25:56Z">
          <reporter-output>
          </reporter-output>
        </test-method> <!-- afterTest -->
        <test-method status="FAIL" signature="testForGiftCards(java.lang.String, java.lang.String, java.lang.String, java.lang.String, java.lang.String, java.lang.String, java.lang.String)[pri:0, instance:com.Hackatone.TestClasses.GiftCard@79b06cab]" name="testForGiftCards" duration-ms="37043" started-at="2020-11-01T12:25:56Z" data-provider="getData" finished-at="2020-11-01T12:26:33Z">
          <params>
            <param index="0">
              <value>
                <![CDATA[4000]]>
              </value>
            </param>
            <param index="1">
              <value>
                <![CDATA[Subhash Kumar]]>
              </value>
            </param>
            <param index="2">
              <value>
                <![CDATA[subhashgmail.com]]>
              </value>
            </param>
            <param index="3">
              <value>
                <![CDATA[]]>
              </value>
            </param>
            <param index="4">
              <value>
                <![CDATA[vikash@gmail.com]]>
              </value>
            </param>
            <param index="5">
              <value>
                <![CDATA[9693939906]]>
              </value>
            </param>
            <param index="6">
              <value>
                <![CDATA[Hii Shubhash, How are You ?]]>
              </value>
            </param>
          </params>
          <exception class="java.lang.AssertionError">
            <message>
              <![CDATA[Wrong information Fed-Up :: Verify The Details in attached ScreenShot]]>
            </message>
            <full-stacktrace>
              <![CDATA[java.lang.AssertionError: Wrong information Fed-Up :: Verify The Details in attached ScreenShot
at org.testng.Assert.fail(Assert.java:96)
at com.Hackatone.Base.BaseUI.reportFail(BaseUI.java:343)
at com.Hackatone.Base.BaseUI.validateResult(BaseUI.java:248)
at com.Hackatone.TestClasses.GiftCard.testForGiftCards(GiftCard.java:62)
at sun.reflect.NativeMethodAccessorImpl.invoke0(Native Method)
at sun.reflect.NativeMethodAccessorImpl.invoke(NativeMethodAccessorImpl.java:62)
at sun.reflect.DelegatingMethodAccessorImpl.invoke(DelegatingMethodAccessorImpl.java:43)
at java.lang.reflect.Method.invoke(Method.java:498)
at org.testng.internal.MethodInvocationHelper.invokeMethod(MethodInvocationHelper.java:124)
at org.testng.internal.Invoker.invokeMethod(Invoker.java:583)
at org.testng.internal.Invoker.invokeTestMethod(Invoker.java:719)
at org.testng.internal.Invoker.invokeTestMethods(Invoker.java:989)
at org.testng.internal.TestMethodWorker.invokeTestMethods(TestMethodWorker.java:125)
at org.testng.internal.TestMethodWorker.run(TestMethodWorker.java:109)
at org.testng.TestRunner.privateRun(TestRunner.java:648)
at org.testng.TestRunner.run(TestRunner.java:505)
at org.testng.SuiteRunner.runTest(SuiteRunner.java:455)
at org.testng.SuiteRunner.runSequentially(SuiteRunner.java:450)
at org.testng.SuiteRunner.privateRun(SuiteRunner.java:415)
at org.testng.SuiteRunner.run(SuiteRunner.java:364)
at org.testng.SuiteRunnerWorker.runSuite(SuiteRunnerWorker.java:52)
at org.testng.SuiteRunnerWorker.run(SuiteRunnerWorker.java:84)
at org.testng.TestNG.runSuitesSequentially(TestNG.java:1208)
at org.testng.TestNG.runSuitesLocally(TestNG.java:1137)
at org.testng.TestNG.runSuites(TestNG.java:1049)
at org.testng.TestNG.run(TestNG.java:1017)
at org.apache.maven.surefire.testng.TestNGExecutor.run(TestNGExecutor.java:283)
at org.apache.maven.surefire.testng.TestNGXmlTestSuite.execute(TestNGXmlTestSuite.java:75)
at org.apache.maven.surefire.testng.TestNGProvider.invoke(TestNGProvider.java:120)
at org.apache.maven.surefire.booter.ForkedBooter.invokeProviderInSameClassLoader(ForkedBooter.java:384)
at org.apache.maven.surefire.booter.ForkedBooter.runSuitesInProcess(ForkedBooter.java:345)
at org.apache.maven.surefire.booter.ForkedBooter.execute(ForkedBooter.java:126)
at org.apache.maven.surefire.booter.ForkedBooter.main(ForkedBooter.java:418)
]]>
            </full-stacktrace>
          </exception> <!-- java.lang.AssertionError -->
          <reporter-output>
          </reporter-output>
        </test-method> <!-- testForGiftCards -->
        <test-method status="PASS" signature="afterTest()[pri:0, instance:com.Hackatone.TestClasses.GiftCard@79b06cab]" name="afterTest" is-config="true" duration-ms="517" started-at="2020-11-01T12:26:33Z" finished-at="2020-11-01T12:26:34Z">
          <reporter-output>
          </reporter-output>
        </test-method> <!-- afterTest -->
        <test-method status="PASS" signature="testForGiftCards(java.lang.String, java.lang.String, java.lang.String, java.lang.String, java.lang.String, java.lang.String, java.lang.String)[pri:0, instance:com.Hackatone.TestClasses.GiftCard@79b06cab]" name="testForGiftCards" duration-ms="34932" started-at="2020-11-01T12:26:34Z" data-provider="getData" finished-at="2020-11-01T12:27:09Z">
          <params>
            <param index="0">
              <value>
                <![CDATA[3000]]>
              </value>
            </param>
            <param index="1">
              <value>
                <![CDATA[Aditya]]>
              </value>
            </param>
            <param index="2">
              <value>
                <![CDATA[aditya@gmail.com]]>
              </value>
            </param>
            <param index="3">
              <value>
                <![CDATA[Akansha Kumari]]>
              </value>
            </param>
            <param index="4">
              <value>
                <![CDATA[akansha@gmail.com]]>
              </value>
            </param>
            <param index="5">
              <value>
                <![CDATA[182855]]>
              </value>
            </param>
            <param index="6">
              <value>
                <![CDATA[Happy BirthDay Aditya !!!]]>
              </value>
            </param>
          </params>
          <reporter-output>
          </reporter-output>
        </test-method> <!-- testForGiftCards -->
        <test-method status="PASS" signature="afterTest()[pri:0, instance:com.Hackatone.TestClasses.GiftCard@79b06cab]" name="afterTest" is-config="true" duration-ms="295" started-at="2020-11-01T12:27:09Z" finished-at="2020-11-01T12:27:09Z">
          <reporter-output>
          </reporter-output>
        </test-method> <!-- afterTest -->
        <test-method status="FAIL" signature="testForGiftCards(java.lang.String, java.lang.String, java.lang.String, java.lang.String, java.lang.String, java.lang.String, java.lang.String)[pri:0, instance:com.Hackatone.TestClasses.GiftCard@79b06cab]" name="testForGiftCards" duration-ms="37726" started-at="2020-11-01T12:27:09Z" data-provider="getData" finished-at="2020-11-01T12:27:47Z">
          <params>
            <param index="0">
              <value>
                <![CDATA[2000]]>
              </value>
            </param>
            <param index="1">
              <value>
                <![CDATA[vikash Kumar Barnwal]]>
              </value>
            </param>
            <param index="2">
              <value>
                <![CDATA[vikash@gmail.com]]>
              </value>
            </param>
            <param index="3">
              <value>
                <![CDATA[Akansha Kumari]]>
              </value>
            </param>
            <param index="4">
              <value>
                <![CDATA[Akanshagmail.com]]>
              </value>
            </param>
            <param index="5">
              <value>
                <![CDATA[2252956686]]>
              </value>
            </param>
            <param index="6">
              <value>
                <![CDATA[Happy Birthday Barnwal !!!]]>
              </value>
            </param>
          </params>
          <exception class="java.lang.AssertionError">
            <message>
              <![CDATA[Wrong information Fed-Up :: Verify The Details in attached ScreenShot]]>
            </message>
            <full-stacktrace>
              <![CDATA[java.lang.AssertionError: Wrong information Fed-Up :: Verify The Details in attached ScreenShot
at org.testng.Assert.fail(Assert.java:96)
at com.Hackatone.Base.BaseUI.reportFail(BaseUI.java:343)
at com.Hackatone.Base.BaseUI.validateResult(BaseUI.java:248)
at com.Hackatone.TestClasses.GiftCard.testForGiftCards(GiftCard.java:62)
at sun.reflect.NativeMethodAccessorImpl.invoke0(Native Method)
at sun.reflect.NativeMethodAccessorImpl.invoke(NativeMethodAccessorImpl.java:62)
at sun.reflect.DelegatingMethodAccessorImpl.invoke(DelegatingMethodAccessorImpl.java:43)
at java.lang.reflect.Method.invoke(Method.java:498)
at org.testng.internal.MethodInvocationHelper.invokeMethod(MethodInvocationHelper.java:124)
at org.testng.internal.Invoker.invokeMethod(Invoker.java:583)
at org.testng.internal.Invoker.invokeTestMethod(Invoker.java:719)
at org.testng.internal.Invoker.invokeTestMethods(Invoker.java:989)
at org.testng.internal.TestMethodWorker.invokeTestMethods(TestMethodWorker.java:125)
at org.testng.internal.TestMethodWorker.run(TestMethodWorker.java:109)
at org.testng.TestRunner.privateRun(TestRunner.java:648)
at org.testng.TestRunner.run(TestRunner.java:505)
at org.testng.SuiteRunner.runTest(SuiteRunner.java:455)
at org.testng.SuiteRunner.runSequentially(SuiteRunner.java:450)
at org.testng.SuiteRunner.privateRun(SuiteRunner.java:415)
at org.testng.SuiteRunner.run(SuiteRunner.java:364)
at org.testng.SuiteRunnerWorker.runSuite(SuiteRunnerWorker.java:52)
at org.testng.SuiteRunnerWorker.run(SuiteRunnerWorker.java:84)
at org.testng.TestNG.runSuitesSequentially(TestNG.java:1208)
at org.testng.TestNG.runSuitesLocally(TestNG.java:1137)
at org.testng.TestNG.runSuites(TestNG.java:1049)
at org.testng.TestNG.run(TestNG.java:1017)
at org.apache.maven.surefire.testng.TestNGExecutor.run(TestNGExecutor.java:283)
at org.apache.maven.surefire.testng.TestNGXmlTestSuite.execute(TestNGXmlTestSuite.java:75)
at org.apache.maven.surefire.testng.TestNGProvider.invoke(TestNGProvider.java:120)
at org.apache.maven.surefire.booter.ForkedBooter.invokeProviderInSameClassLoader(ForkedBooter.java:384)
at org.apache.maven.surefire.booter.ForkedBooter.runSuitesInProcess(ForkedBooter.java:345)
at org.apache.maven.surefire.booter.ForkedBooter.execute(ForkedBooter.java:126)
at org.apache.maven.surefire.booter.ForkedBooter.main(ForkedBooter.java:418)
]]>
            </full-stacktrace>
          </exception> <!-- java.lang.AssertionError -->
          <reporter-output>
          </reporter-output>
        </test-method> <!-- testForGiftCards -->
        <test-method status="PASS" signature="afterTest()[pri:0, instance:com.Hackatone.TestClasses.GiftCard@79b06cab]" name="afterTest" is-config="true" duration-ms="247" started-at="2020-11-01T12:27:47Z" finished-at="2020-11-01T12:27:47Z">
          <reporter-output>
          </reporter-output>
        </test-method> <!-- afterTest -->
        <test-method status="FAIL" signature="testForGiftCards(java.lang.String, java.lang.String, java.lang.String, java.lang.String, java.lang.String, java.lang.String, java.lang.String)[pri:0, instance:com.Hackatone.TestClasses.GiftCard@79b06cab]" name="testForGiftCards" duration-ms="37694" started-at="2020-11-01T12:27:47Z" data-provider="getData" finished-at="2020-11-01T12:28:25Z">
          <params>
            <param index="0">
              <value>
                <![CDATA[5000]]>
              </value>
            </param>
            <param index="1">
              <value>
                <![CDATA[Subhash Kumar]]>
              </value>
            </param>
            <param index="2">
              <value>
                <![CDATA[subhash-gmail.com]]>
              </value>
            </param>
            <param index="3">
              <value>
                <![CDATA[Akansha Kumari]]>
              </value>
            </param>
            <param index="4">
              <value>
                <![CDATA[akansha@gmail.com]]>
              </value>
            </param>
            <param index="5">
              <value>
                <![CDATA[8493943832]]>
              </value>
            </param>
            <param index="6">
              <value>
                <![CDATA[Hii Shubhash, How are You ?]]>
              </value>
            </param>
          </params>
          <exception class="java.lang.AssertionError">
            <message>
              <![CDATA[Wrong information Fed-Up :: Verify The Details in attached ScreenShot]]>
            </message>
            <full-stacktrace>
              <![CDATA[java.lang.AssertionError: Wrong information Fed-Up :: Verify The Details in attached ScreenShot
at org.testng.Assert.fail(Assert.java:96)
at com.Hackatone.Base.BaseUI.reportFail(BaseUI.java:343)
at com.Hackatone.Base.BaseUI.validateResult(BaseUI.java:248)
at com.Hackatone.TestClasses.GiftCard.testForGiftCards(GiftCard.java:62)
at sun.reflect.NativeMethodAccessorImpl.invoke0(Native Method)
at sun.reflect.NativeMethodAccessorImpl.invoke(NativeMethodAccessorImpl.java:62)
at sun.reflect.DelegatingMethodAccessorImpl.invoke(DelegatingMethodAccessorImpl.java:43)
at java.lang.reflect.Method.invoke(Method.java:498)
at org.testng.internal.MethodInvocationHelper.invokeMethod(MethodInvocationHelper.java:124)
at org.testng.internal.Invoker.invokeMethod(Invoker.java:583)
at org.testng.internal.Invoker.invokeTestMethod(Invoker.java:719)
at org.testng.internal.Invoker.invokeTestMethods(Invoker.java:989)
at org.testng.internal.TestMethodWorker.invokeTestMethods(TestMethodWorker.java:125)
at org.testng.internal.TestMethodWorker.run(TestMethodWorker.java:109)
at org.testng.TestRunner.privateRun(TestRunner.java:648)
at org.testng.TestRunner.run(TestRunner.java:505)
at org.testng.SuiteRunner.runTest(SuiteRunner.java:455)
at org.testng.SuiteRunner.runSequentially(SuiteRunner.java:450)
at org.testng.SuiteRunner.privateRun(SuiteRunner.java:415)
at org.testng.SuiteRunner.run(SuiteRunner.java:364)
at org.testng.SuiteRunnerWorker.runSuite(SuiteRunnerWorker.java:52)
at org.testng.SuiteRunnerWorker.run(SuiteRunnerWorker.java:84)
at org.testng.TestNG.runSuitesSequentially(TestNG.java:1208)
at org.testng.TestNG.runSuitesLocally(TestNG.java:1137)
at org.testng.TestNG.runSuites(TestNG.java:1049)
at org.testng.TestNG.run(TestNG.java:1017)
at org.apache.maven.surefire.testng.TestNGExecutor.run(TestNGExecutor.java:283)
at org.apache.maven.surefire.testng.TestNGXmlTestSuite.execute(TestNGXmlTestSuite.java:75)
at org.apache.maven.surefire.testng.TestNGProvider.invoke(TestNGProvider.java:120)
at org.apache.maven.surefire.booter.ForkedBooter.invokeProviderInSameClassLoader(ForkedBooter.java:384)
at org.apache.maven.surefire.booter.ForkedBooter.runSuitesInProcess(ForkedBooter.java:345)
at org.apache.maven.surefire.booter.ForkedBooter.execute(ForkedBooter.java:126)
at org.apache.maven.surefire.booter.ForkedBooter.main(ForkedBooter.java:418)
]]>
            </full-stacktrace>
          </exception> <!-- java.lang.AssertionError -->
          <reporter-output>
          </reporter-output>
        </test-method> <!-- testForGiftCards -->
        <test-method status="PASS" signature="afterTest()[pri:0, instance:com.Hackatone.TestClasses.GiftCard@79b06cab]" name="afterTest" is-config="true" duration-ms="429" started-at="2020-11-01T12:28:25Z" finished-at="2020-11-01T12:28:25Z">
          <reporter-output>
          </reporter-output>
        </test-method> <!-- afterTest -->
        <test-method status="FAIL" signature="testForGiftCards(java.lang.String, java.lang.String, java.lang.String, java.lang.String, java.lang.String, java.lang.String, java.lang.String)[pri:0, instance:com.Hackatone.TestClasses.GiftCard@79b06cab]" name="testForGiftCards" duration-ms="37470" started-at="2020-11-01T12:28:25Z" data-provider="getData" finished-at="2020-11-01T12:29:03Z">
          <params>
            <param index="0">
              <value>
                <![CDATA[4000]]>
              </value>
            </param>
            <param index="1">
              <value>
                <![CDATA[Shivani Kumari]]>
              </value>
            </param>
            <param index="2">
              <value>
                <![CDATA[shivani@gmail.com]]>
              </value>
            </param>
            <param index="3">
              <value>
                <![CDATA[Vikash Kumar Barnwal]]>
              </value>
            </param>
            <param index="4">
              <value>
                <![CDATA[vikash@gmail.com]]>
              </value>
            </param>
            <param index="5">
              <value>
                <![CDATA[]]>
              </value>
            </param>
            <param index="6">
              <value>
                <![CDATA[Wish you a very-2 Happy Birthday]]>
              </value>
            </param>
          </params>
          <exception class="java.lang.AssertionError">
            <message>
              <![CDATA[Wrong information Fed-Up :: Verify The Details in attached ScreenShot]]>
            </message>
            <full-stacktrace>
              <![CDATA[java.lang.AssertionError: Wrong information Fed-Up :: Verify The Details in attached ScreenShot
at org.testng.Assert.fail(Assert.java:96)
at com.Hackatone.Base.BaseUI.reportFail(BaseUI.java:343)
at com.Hackatone.Base.BaseUI.validateResult(BaseUI.java:248)
at com.Hackatone.TestClasses.GiftCard.testForGiftCards(GiftCard.java:62)
at sun.reflect.NativeMethodAccessorImpl.invoke0(Native Method)
at sun.reflect.NativeMethodAccessorImpl.invoke(NativeMethodAccessorImpl.java:62)
at sun.reflect.DelegatingMethodAccessorImpl.invoke(DelegatingMethodAccessorImpl.java:43)
at java.lang.reflect.Method.invoke(Method.java:498)
at org.testng.internal.MethodInvocationHelper.invokeMethod(MethodInvocationHelper.java:124)
at org.testng.internal.Invoker.invokeMethod(Invoker.java:583)
at org.testng.internal.Invoker.invokeTestMethod(Invoker.java:719)
at org.testng.internal.Invoker.invokeTestMethods(Invoker.java:989)
at org.testng.internal.TestMethodWorker.invokeTestMethods(TestMethodWorker.java:125)
at org.testng.internal.TestMethodWorker.run(TestMethodWorker.java:109)
at org.testng.TestRunner.privateRun(TestRunner.java:648)
at org.testng.TestRunner.run(TestRunner.java:505)
at org.testng.SuiteRunner.runTest(SuiteRunner.java:455)
at org.testng.SuiteRunner.runSequentially(SuiteRunner.java:450)
at org.testng.SuiteRunner.privateRun(SuiteRunner.java:415)
at org.testng.SuiteRunner.run(SuiteRunner.java:364)
at org.testng.SuiteRunnerWorker.runSuite(SuiteRunnerWorker.java:52)
at org.testng.SuiteRunnerWorker.run(SuiteRunnerWorker.java:84)
at org.testng.TestNG.runSuitesSequentially(TestNG.java:1208)
at org.testng.TestNG.runSuitesLocally(TestNG.java:1137)
at org.testng.TestNG.runSuites(TestNG.java:1049)
at org.testng.TestNG.run(TestNG.java:1017)
at org.apache.maven.surefire.testng.TestNGExecutor.run(TestNGExecutor.java:283)
at org.apache.maven.surefire.testng.TestNGXmlTestSuite.execute(TestNGXmlTestSuite.java:75)
at org.apache.maven.surefire.testng.TestNGProvider.invoke(TestNGProvider.java:120)
at org.apache.maven.surefire.booter.ForkedBooter.invokeProviderInSameClassLoader(ForkedBooter.java:384)
at org.apache.maven.surefire.booter.ForkedBooter.runSuitesInProcess(ForkedBooter.java:345)
at org.apache.maven.surefire.booter.ForkedBooter.execute(ForkedBooter.java:126)
at org.apache.maven.surefire.booter.ForkedBooter.main(ForkedBooter.java:418)
]]>
            </full-stacktrace>
          </exception> <!-- java.lang.AssertionError -->
          <reporter-output>
          </reporter-output>
        </test-method> <!-- testForGiftCards -->
        <test-method status="PASS" signature="afterTest()[pri:0, instance:com.Hackatone.TestClasses.GiftCard@79b06cab]" name="afterTest" is-config="true" duration-ms="1024" started-at="2020-11-01T12:29:03Z" finished-at="2020-11-01T12:29:04Z">
          <reporter-output>
          </reporter-output>
        </test-method> <!-- afterTest -->
        <test-method status="FAIL" signature="testForGiftCards(java.lang.String, java.lang.String, java.lang.String, java.lang.String, java.lang.String, java.lang.String, java.lang.String)[pri:0, instance:com.Hackatone.TestClasses.GiftCard@79b06cab]" name="testForGiftCards" duration-ms="36934" started-at="2020-11-01T12:29:04Z" data-provider="getData" finished-at="2020-11-01T12:29:41Z">
          <params>
            <param index="0">
              <value>
                <![CDATA[10000]]>
              </value>
            </param>
            <param index="1">
              <value>
                <![CDATA[Aditya Kumar]]>
              </value>
            </param>
            <param index="2">
              <value>
                <![CDATA[aditya@gmail.com]]>
              </value>
            </param>
            <param index="3">
              <value>
                <![CDATA[Shivani Kumari]]>
              </value>
            </param>
            <param index="4">
              <value>
                <![CDATA[]]>
              </value>
            </param>
            <param index="5">
              <value>
                <![CDATA[8493984934]]>
              </value>
            </param>
            <param index="6">
              <value>
                <![CDATA[Happy Birthday Aditya !!! ?]]>
              </value>
            </param>
          </params>
          <exception class="java.lang.AssertionError">
            <message>
              <![CDATA[Wrong information Fed-Up :: Verify The Details in attached ScreenShot]]>
            </message>
            <full-stacktrace>
              <![CDATA[java.lang.AssertionError: Wrong information Fed-Up :: Verify The Details in attached ScreenShot
at org.testng.Assert.fail(Assert.java:96)
at com.Hackatone.Base.BaseUI.reportFail(BaseUI.java:343)
at com.Hackatone.Base.BaseUI.validateResult(BaseUI.java:248)
at com.Hackatone.TestClasses.GiftCard.testForGiftCards(GiftCard.java:62)
at sun.reflect.NativeMethodAccessorImpl.invoke0(Native Method)
at sun.reflect.NativeMethodAccessorImpl.invoke(NativeMethodAccessorImpl.java:62)
at sun.reflect.DelegatingMethodAccessorImpl.invoke(DelegatingMethodAccessorImpl.java:43)
at java.lang.reflect.Method.invoke(Method.java:498)
at org.testng.internal.MethodInvocationHelper.invokeMethod(MethodInvocationHelper.java:124)
at org.testng.internal.Invoker.invokeMethod(Invoker.java:583)
at org.testng.internal.Invoker.invokeTestMethod(Invoker.java:719)
at org.testng.internal.Invoker.invokeTestMethods(Invoker.java:989)
at org.testng.internal.TestMethodWorker.invokeTestMethods(TestMethodWorker.java:125)
at org.testng.internal.TestMethodWorker.run(TestMethodWorker.java:109)
at org.testng.TestRunner.privateRun(TestRunner.java:648)
at org.testng.TestRunner.run(TestRunner.java:505)
at org.testng.SuiteRunner.runTest(SuiteRunner.java:455)
at org.testng.SuiteRunner.runSequentially(SuiteRunner.java:450)
at org.testng.SuiteRunner.privateRun(SuiteRunner.java:415)
at org.testng.SuiteRunner.run(SuiteRunner.java:364)
at org.testng.SuiteRunnerWorker.runSuite(SuiteRunnerWorker.java:52)
at org.testng.SuiteRunnerWorker.run(SuiteRunnerWorker.java:84)
at org.testng.TestNG.runSuitesSequentially(TestNG.java:1208)
at org.testng.TestNG.runSuitesLocally(TestNG.java:1137)
at org.testng.TestNG.runSuites(TestNG.java:1049)
at org.testng.TestNG.run(TestNG.java:1017)
at org.apache.maven.surefire.testng.TestNGExecutor.run(TestNGExecutor.java:283)
at org.apache.maven.surefire.testng.TestNGXmlTestSuite.execute(TestNGXmlTestSuite.java:75)
at org.apache.maven.surefire.testng.TestNGProvider.invoke(TestNGProvider.java:120)
at org.apache.maven.surefire.booter.ForkedBooter.invokeProviderInSameClassLoader(ForkedBooter.java:384)
at org.apache.maven.surefire.booter.ForkedBooter.runSuitesInProcess(ForkedBooter.java:345)
at org.apache.maven.surefire.booter.ForkedBooter.execute(ForkedBooter.java:126)
at org.apache.maven.surefire.booter.ForkedBooter.main(ForkedBooter.java:418)
]]>
            </full-stacktrace>
          </exception> <!-- java.lang.AssertionError -->
          <reporter-output>
          </reporter-output>
        </test-method> <!-- testForGiftCards -->
        <test-method status="PASS" signature="afterTest()[pri:0, instance:com.Hackatone.TestClasses.GiftCard@79b06cab]" name="afterTest" is-config="true" duration-ms="653" started-at="2020-11-01T12:29:41Z" finished-at="2020-11-01T12:29:41Z">
          <reporter-output>
          </reporter-output>
        </test-method> <!-- afterTest -->
        <test-method status="FAIL" signature="testForGiftCards(java.lang.String, java.lang.String, java.lang.String, java.lang.String, java.lang.String, java.lang.String, java.lang.String)[pri:0, instance:com.Hackatone.TestClasses.GiftCard@79b06cab]" name="testForGiftCards" duration-ms="37948" started-at="2020-11-01T12:29:41Z" data-provider="getData" finished-at="2020-11-01T12:30:19Z">
          <params>
            <param index="0">
              <value>
                <![CDATA[6000]]>
              </value>
            </param>
            <param index="1">
              <value>
                <![CDATA[Subhash Kumar]]>
              </value>
            </param>
            <param index="2">
              <value>
                <![CDATA[]]>
              </value>
            </param>
            <param index="3">
              <value>
                <![CDATA[Vikash Kumar Barnwal]]>
              </value>
            </param>
            <param index="4">
              <value>
                <![CDATA[vikashgmail.com]]>
              </value>
            </param>
            <param index="5">
              <value>
                <![CDATA[9693939906]]>
              </value>
            </param>
            <param index="6">
              <value>
                <![CDATA[Happy Birthday Shubhash !!!]]>
              </value>
            </param>
          </params>
          <exception class="java.lang.AssertionError">
            <message>
              <![CDATA[Wrong information Fed-Up :: Verify The Details in attached ScreenShot]]>
            </message>
            <full-stacktrace>
              <![CDATA[java.lang.AssertionError: Wrong information Fed-Up :: Verify The Details in attached ScreenShot
at org.testng.Assert.fail(Assert.java:96)
at com.Hackatone.Base.BaseUI.reportFail(BaseUI.java:343)
at com.Hackatone.Base.BaseUI.validateResult(BaseUI.java:248)
at com.Hackatone.TestClasses.GiftCard.testForGiftCards(GiftCard.java:62)
at sun.reflect.NativeMethodAccessorImpl.invoke0(Native Method)
at sun.reflect.NativeMethodAccessorImpl.invoke(NativeMethodAccessorImpl.java:62)
at sun.reflect.DelegatingMethodAccessorImpl.invoke(DelegatingMethodAccessorImpl.java:43)
at java.lang.reflect.Method.invoke(Method.java:498)
at org.testng.internal.MethodInvocationHelper.invokeMethod(MethodInvocationHelper.java:124)
at org.testng.internal.Invoker.invokeMethod(Invoker.java:583)
at org.testng.internal.Invoker.invokeTestMethod(Invoker.java:719)
at org.testng.internal.Invoker.invokeTestMethods(Invoker.java:989)
at org.testng.internal.TestMethodWorker.invokeTestMethods(TestMethodWorker.java:125)
at org.testng.internal.TestMethodWorker.run(TestMethodWorker.java:109)
at org.testng.TestRunner.privateRun(TestRunner.java:648)
at org.testng.TestRunner.run(TestRunner.java:505)
at org.testng.SuiteRunner.runTest(SuiteRunner.java:455)
at org.testng.SuiteRunner.runSequentially(SuiteRunner.java:450)
at org.testng.SuiteRunner.privateRun(SuiteRunner.java:415)
at org.testng.SuiteRunner.run(SuiteRunner.java:364)
at org.testng.SuiteRunnerWorker.runSuite(SuiteRunnerWorker.java:52)
at org.testng.SuiteRunnerWorker.run(SuiteRunnerWorker.java:84)
at org.testng.TestNG.runSuitesSequentially(TestNG.java:1208)
at org.testng.TestNG.runSuitesLocally(TestNG.java:1137)
at org.testng.TestNG.runSuites(TestNG.java:1049)
at org.testng.TestNG.run(TestNG.java:1017)
at org.apache.maven.surefire.testng.TestNGExecutor.run(TestNGExecutor.java:283)
at org.apache.maven.surefire.testng.TestNGXmlTestSuite.execute(TestNGXmlTestSuite.java:75)
at org.apache.maven.surefire.testng.TestNGProvider.invoke(TestNGProvider.java:120)
at org.apache.maven.surefire.booter.ForkedBooter.invokeProviderInSameClassLoader(ForkedBooter.java:384)
at org.apache.maven.surefire.booter.ForkedBooter.runSuitesInProcess(ForkedBooter.java:345)
at org.apache.maven.surefire.booter.ForkedBooter.execute(ForkedBooter.java:126)
at org.apache.maven.surefire.booter.ForkedBooter.main(ForkedBooter.java:418)
]]>
            </full-stacktrace>
          </exception> <!-- java.lang.AssertionError -->
          <reporter-output>
          </reporter-output>
        </test-method> <!-- testForGiftCards -->
        <test-method status="PASS" signature="afterTest()[pri:0, instance:com.Hackatone.TestClasses.GiftCard@79b06cab]" name="afterTest" is-config="true" duration-ms="359" started-at="2020-11-01T12:30:19Z" finished-at="2020-11-01T12:30:20Z">
          <reporter-output>
          </reporter-output>
        </test-method> <!-- afterTest -->
        <test-method status="FAIL" signature="testForGiftCards(java.lang.String, java.lang.String, java.lang.String, java.lang.String, java.lang.String, java.lang.String, java.lang.String)[pri:0, instance:com.Hackatone.TestClasses.GiftCard@79b06cab]" name="testForGiftCards" duration-ms="148032" started-at="2020-11-01T12:30:20Z" data-provider="getData" finished-at="2020-11-01T12:32:48Z">
          <params>
            <param index="0">
              <value>
                <![CDATA[]]>
              </value>
            </param>
            <param index="1">
              <value>
                <![CDATA[Subhash]]>
              </value>
            </param>
            <param index="2">
              <value>
                <![CDATA[subhash@gmail.com]]>
              </value>
            </param>
            <param index="3">
              <value>
                <![CDATA[Vikash Kumar Barnwal]]>
              </value>
            </param>
            <param index="4">
              <value>
                <![CDATA[vikashgmail.com]]>
              </value>
            </param>
            <param index="5">
              <value>
                <![CDATA[9693939906]]>
              </value>
            </param>
            <param index="6">
              <value>
                <![CDATA[Hii Shubhash, How are You ?]]>
              </value>
            </param>
          </params>
          <exception class="java.lang.AssertionError">
            <message>
              <![CDATA[element not interactable
  (Session info: chrome=86.0.4240.111)
Build info: version: '3.141.59', revision: 'e82be7d358', time: '2018-11-14T08:17:03'
System info: host: 'LAPTOP-7COG7LUP', ip: '192.168.1.100', os.name: 'Windows 10', os.arch: 'amd64', os.version: '10.0', java.version: '1.8.0_241'
Driver info: org.openqa.selenium.remote.RemoteWebDriver
Capabilities {acceptInsecureCerts: false, browserName: chrome, browserVersion: 86.0.4240.111, chrome: {chromedriverVersion: 85.0.4183.87 (cd6713ebf92fa..., userDataDir: C:\Users\SUBASH~1\AppData\L...}, goog:chromeOptions: {debuggerAddress: localhost:51585}, javascriptEnabled: true, networkConnectionEnabled: false, pageLoadStrategy: normal, platform: WINDOWS, platformName: WINDOWS, proxy: Proxy(), setWindowRect: true, strictFileInteractability: false, timeouts: {implicit: 0, pageLoad: 300000, script: 30000}, unhandledPromptBehavior: dismiss and notify, webauthn:virtualAuthenticators: true, webdriver.remote.sessionid: 0a62aa7b101780f92584b98146c...}
Session ID: 0a62aa7b101780f92584b98146c900b9]]>
            </message>
            <full-stacktrace>
              <![CDATA[java.lang.AssertionError: element not interactable
  (Session info: chrome=86.0.4240.111)
Build info: version: '3.141.59', revision: 'e82be7d358', time: '2018-11-14T08:17:03'
System info: host: 'LAPTOP-7COG7LUP', ip: '192.168.1.100', os.name: 'Windows 10', os.arch: 'amd64', os.version: '10.0', java.version: '1.8.0_241'
Driver info: org.openqa.selenium.remote.RemoteWebDriver
Capabilities {acceptInsecureCerts: false, browserName: chrome, browserVersion: 86.0.4240.111, chrome: {chromedriverVersion: 85.0.4183.87 (cd6713ebf92fa..., userDataDir: C:\Users\SUBASH~1\AppData\L...}, goog:chromeOptions: {debuggerAddress: localhost:51585}, javascriptEnabled: true, networkConnectionEnabled: false, pageLoadStrategy: normal, platform: WINDOWS, platformName: WINDOWS, proxy: Proxy(), setWindowRect: true, strictFileInteractability: false, timeouts: {implicit: 0, pageLoad: 300000, script: 30000}, unhandledPromptBehavior: dismiss and notify, webauthn:virtualAuthenticators: true, webdriver.remote.sessionid: 0a62aa7b101780f92584b98146c...}
Session ID: 0a62aa7b101780f92584b98146c900b9
at org.testng.Assert.fail(Assert.java:96)
at com.Hackatone.Base.BaseUI.reportFail(BaseUI.java:343)
at com.Hackatone.Base.BaseUI.enterText(BaseUI.java:132)
at com.Hackatone.TestClasses.GiftCard.testForGiftCards(GiftCard.java:41)
at sun.reflect.NativeMethodAccessorImpl.invoke0(Native Method)
at sun.reflect.NativeMethodAccessorImpl.invoke(NativeMethodAccessorImpl.java:62)
at sun.reflect.DelegatingMethodAccessorImpl.invoke(DelegatingMethodAccessorImpl.java:43)
at java.lang.reflect.Method.invoke(Method.java:498)
at org.testng.internal.MethodInvocationHelper.invokeMethod(MethodInvocationHelper.java:124)
at org.testng.internal.Invoker.invokeMethod(Invoker.java:583)
at org.testng.internal.Invoker.invokeTestMethod(Invoker.java:719)
at org.testng.internal.Invoker.invokeTestMethods(Invoker.java:989)
at org.testng.internal.TestMethodWorker.invokeTestMethods(TestMethodWorker.java:125)
at org.testng.internal.TestMethodWorker.run(TestMethodWorker.java:109)
at org.testng.TestRunner.privateRun(TestRunner.java:648)
at org.testng.TestRunner.run(TestRunner.java:505)
at org.testng.SuiteRunner.runTest(SuiteRunner.java:455)
at org.testng.SuiteRunner.runSequentially(SuiteRunner.java:450)
at org.testng.SuiteRunner.privateRun(SuiteRunner.java:415)
at org.testng.SuiteRunner.run(SuiteRunner.java:364)
at org.testng.SuiteRunnerWorker.runSuite(SuiteRunnerWorker.java:52)
at org.testng.SuiteRunnerWorker.run(SuiteRunnerWorker.java:84)
at org.testng.TestNG.runSuitesSequentially(TestNG.java:1208)
at org.testng.TestNG.runSuitesLocally(TestNG.java:1137)
at org.testng.TestNG.runSuites(TestNG.java:1049)
at org.testng.TestNG.run(TestNG.java:1017)
at org.apache.maven.surefire.testng.TestNGExecutor.run(TestNGExecutor.java:283)
at org.apache.maven.surefire.testng.TestNGXmlTestSuite.execute(TestNGXmlTestSuite.java:75)
at org.apache.maven.surefire.testng.TestNGProvider.invoke(TestNGProvider.java:120)
at org.apache.maven.surefire.booter.ForkedBooter.invokeProviderInSameClassLoader(ForkedBooter.java:384)
at org.apache.maven.surefire.booter.ForkedBooter.runSuitesInProcess(ForkedBooter.java:345)
at org.apache.maven.surefire.booter.ForkedBooter.execute(ForkedBooter.java:126)
at org.apache.maven.surefire.booter.ForkedBooter.main(ForkedBooter.java:418)
]]>
            </full-stacktrace>
          </exception> <!-- java.lang.AssertionError -->
          <reporter-output>
          </reporter-output>
        </test-method> <!-- testForGiftCards -->
        <test-method status="PASS" signature="afterTest()[pri:0, instance:com.Hackatone.TestClasses.GiftCard@79b06cab]" name="afterTest" is-config="true" duration-ms="339" started-at="2020-11-01T12:32:48Z" finished-at="2020-11-01T12:32:48Z">
          <reporter-output>
          </reporter-output>
        </test-method> <!-- afterTest -->
        <test-method status="FAIL" signature="testForGiftCards(java.lang.String, java.lang.String, java.lang.String, java.lang.String, java.lang.String, java.lang.String, java.lang.String)[pri:0, instance:com.Hackatone.TestClasses.GiftCard@79b06cab]" name="testForGiftCards" duration-ms="36578" started-at="2020-11-01T12:32:48Z" data-provider="getData" finished-at="2020-11-01T12:33:25Z">
          <params>
            <param index="0">
              <value>
                <![CDATA[3000]]>
              </value>
            </param>
            <param index="1">
              <value>
                <![CDATA[Priyank Kumar]]>
              </value>
            </param>
            <param index="2">
              <value>
                <![CDATA[priyank@gmail.com]]>
              </value>
            </param>
            <param index="3">
              <value>
                <![CDATA[]]>
              </value>
            </param>
            <param index="4">
              <value>
                <![CDATA[vikashgmail.com]]>
              </value>
            </param>
            <param index="5">
              <value>
                <![CDATA[9693939906]]>
              </value>
            </param>
            <param index="6">
              <value>
                <![CDATA[Happy Birthday Priyank !!!]]>
              </value>
            </param>
          </params>
          <exception class="java.lang.AssertionError">
            <message>
              <![CDATA[Wrong information Fed-Up :: Verify The Details in attached ScreenShot]]>
            </message>
            <full-stacktrace>
              <![CDATA[java.lang.AssertionError: Wrong information Fed-Up :: Verify The Details in attached ScreenShot
at org.testng.Assert.fail(Assert.java:96)
at com.Hackatone.Base.BaseUI.reportFail(BaseUI.java:343)
at com.Hackatone.Base.BaseUI.validateResult(BaseUI.java:248)
at com.Hackatone.TestClasses.GiftCard.testForGiftCards(GiftCard.java:62)
at sun.reflect.NativeMethodAccessorImpl.invoke0(Native Method)
at sun.reflect.NativeMethodAccessorImpl.invoke(NativeMethodAccessorImpl.java:62)
at sun.reflect.DelegatingMethodAccessorImpl.invoke(DelegatingMethodAccessorImpl.java:43)
at java.lang.reflect.Method.invoke(Method.java:498)
at org.testng.internal.MethodInvocationHelper.invokeMethod(MethodInvocationHelper.java:124)
at org.testng.internal.Invoker.invokeMethod(Invoker.java:583)
at org.testng.internal.Invoker.invokeTestMethod(Invoker.java:719)
at org.testng.internal.Invoker.invokeTestMethods(Invoker.java:989)
at org.testng.internal.TestMethodWorker.invokeTestMethods(TestMethodWorker.java:125)
at org.testng.internal.TestMethodWorker.run(TestMethodWorker.java:109)
at org.testng.TestRunner.privateRun(TestRunner.java:648)
at org.testng.TestRunner.run(TestRunner.java:505)
at org.testng.SuiteRunner.runTest(SuiteRunner.java:455)
at org.testng.SuiteRunner.runSequentially(SuiteRunner.java:450)
at org.testng.SuiteRunner.privateRun(SuiteRunner.java:415)
at org.testng.SuiteRunner.run(SuiteRunner.java:364)
at org.testng.SuiteRunnerWorker.runSuite(SuiteRunnerWorker.java:52)
at org.testng.SuiteRunnerWorker.run(SuiteRunnerWorker.java:84)
at org.testng.TestNG.runSuitesSequentially(TestNG.java:1208)
at org.testng.TestNG.runSuitesLocally(TestNG.java:1137)
at org.testng.TestNG.runSuites(TestNG.java:1049)
at org.testng.TestNG.run(TestNG.java:1017)
at org.apache.maven.surefire.testng.TestNGExecutor.run(TestNGExecutor.java:283)
at org.apache.maven.surefire.testng.TestNGXmlTestSuite.execute(TestNGXmlTestSuite.java:75)
at org.apache.maven.surefire.testng.TestNGProvider.invoke(TestNGProvider.java:120)
at org.apache.maven.surefire.booter.ForkedBooter.invokeProviderInSameClassLoader(ForkedBooter.java:384)
at org.apache.maven.surefire.booter.ForkedBooter.runSuitesInProcess(ForkedBooter.java:345)
at org.apache.maven.surefire.booter.ForkedBooter.execute(ForkedBooter.java:126)
at org.apache.maven.surefire.booter.ForkedBooter.main(ForkedBooter.java:418)
]]>
            </full-stacktrace>
          </exception> <!-- java.lang.AssertionError -->
          <reporter-output>
          </reporter-output>
        </test-method> <!-- testForGiftCards -->
        <test-method status="PASS" signature="afterTest()[pri:0, instance:com.Hackatone.TestClasses.GiftCard@79b06cab]" name="afterTest" is-config="true" duration-ms="572" started-at="2020-11-01T12:33:25Z" finished-at="2020-11-01T12:33:25Z">
          <reporter-output>
          </reporter-output>
        </test-method> <!-- afterTest -->
        <test-method status="FAIL" signature="testForGiftCards(java.lang.String, java.lang.String, java.lang.String, java.lang.String, java.lang.String, java.lang.String, java.lang.String)[pri:0, instance:com.Hackatone.TestClasses.GiftCard@79b06cab]" name="testForGiftCards" duration-ms="37589" started-at="2020-11-01T12:33:25Z" data-provider="getData" finished-at="2020-11-01T12:34:03Z">
          <params>
            <param index="0">
              <value>
                <![CDATA[7000]]>
              </value>
            </param>
            <param index="1">
              <value>
                <![CDATA[Shagun Kumari]]>
              </value>
            </param>
            <param index="2">
              <value>
                <![CDATA[shagun@gmail.com]]>
              </value>
            </param>
            <param index="3">
              <value>
                <![CDATA[Vikash Kumar Barnwal]]>
              </value>
            </param>
            <param index="4">
              <value>
                <![CDATA[]]>
              </value>
            </param>
            <param index="5">
              <value>
                <![CDATA[]]>
              </value>
            </param>
            <param index="6">
              <value>
                <![CDATA[Happy Birthday Shagun !!!]]>
              </value>
            </param>
          </params>
          <exception class="java.lang.AssertionError">
            <message>
              <![CDATA[Wrong information Fed-Up :: Verify The Details in attached ScreenShot]]>
            </message>
            <full-stacktrace>
              <![CDATA[java.lang.AssertionError: Wrong information Fed-Up :: Verify The Details in attached ScreenShot
at org.testng.Assert.fail(Assert.java:96)
at com.Hackatone.Base.BaseUI.reportFail(BaseUI.java:343)
at com.Hackatone.Base.BaseUI.validateResult(BaseUI.java:248)
at com.Hackatone.TestClasses.GiftCard.testForGiftCards(GiftCard.java:62)
at sun.reflect.NativeMethodAccessorImpl.invoke0(Native Method)
at sun.reflect.NativeMethodAccessorImpl.invoke(NativeMethodAccessorImpl.java:62)
at sun.reflect.DelegatingMethodAccessorImpl.invoke(DelegatingMethodAccessorImpl.java:43)
at java.lang.reflect.Method.invoke(Method.java:498)
at org.testng.internal.MethodInvocationHelper.invokeMethod(MethodInvocationHelper.java:124)
at org.testng.internal.Invoker.invokeMethod(Invoker.java:583)
at org.testng.internal.Invoker.invokeTestMethod(Invoker.java:719)
at org.testng.internal.Invoker.invokeTestMethods(Invoker.java:989)
at org.testng.internal.TestMethodWorker.invokeTestMethods(TestMethodWorker.java:125)
at org.testng.internal.TestMethodWorker.run(TestMethodWorker.java:109)
at org.testng.TestRunner.privateRun(TestRunner.java:648)
at org.testng.TestRunner.run(TestRunner.java:505)
at org.testng.SuiteRunner.runTest(SuiteRunner.java:455)
at org.testng.SuiteRunner.runSequentially(SuiteRunner.java:450)
at org.testng.SuiteRunner.privateRun(SuiteRunner.java:415)
at org.testng.SuiteRunner.run(SuiteRunner.java:364)
at org.testng.SuiteRunnerWorker.runSuite(SuiteRunnerWorker.java:52)
at org.testng.SuiteRunnerWorker.run(SuiteRunnerWorker.java:84)
at org.testng.TestNG.runSuitesSequentially(TestNG.java:1208)
at org.testng.TestNG.runSuitesLocally(TestNG.java:1137)
at org.testng.TestNG.runSuites(TestNG.java:1049)
at org.testng.TestNG.run(TestNG.java:1017)
at org.apache.maven.surefire.testng.TestNGExecutor.run(TestNGExecutor.java:283)
at org.apache.maven.surefire.testng.TestNGXmlTestSuite.execute(TestNGXmlTestSuite.java:75)
at org.apache.maven.surefire.testng.TestNGProvider.invoke(TestNGProvider.java:120)
at org.apache.maven.surefire.booter.ForkedBooter.invokeProviderInSameClassLoader(ForkedBooter.java:384)
at org.apache.maven.surefire.booter.ForkedBooter.runSuitesInProcess(ForkedBooter.java:345)
at org.apache.maven.surefire.booter.ForkedBooter.execute(ForkedBooter.java:126)
at org.apache.maven.surefire.booter.ForkedBooter.main(ForkedBooter.java:418)
]]>
            </full-stacktrace>
          </exception> <!-- java.lang.AssertionError -->
          <reporter-output>
          </reporter-output>
        </test-method> <!-- testForGiftCards -->
        <test-method status="PASS" signature="afterTest()[pri:0, instance:com.Hackatone.TestClasses.GiftCard@79b06cab]" name="afterTest" is-config="true" duration-ms="1096" started-at="2020-11-01T12:34:03Z" finished-at="2020-11-01T12:34:04Z">
          <reporter-output>
          </reporter-output>
        </test-method> <!-- afterTest -->
        <test-method status="PASS" signature="testForGiftCards(java.lang.String, java.lang.String, java.lang.String, java.lang.String, java.lang.String, java.lang.String, java.lang.String)[pri:0, instance:com.Hackatone.TestClasses.GiftCard@79b06cab]" name="testForGiftCards" duration-ms="35716" started-at="2020-11-01T12:34:04Z" data-provider="getData" finished-at="2020-11-01T12:34:40Z">
          <params>
            <param index="0">
              <value>
                <![CDATA[9000]]>
              </value>
            </param>
            <param index="1">
              <value>
                <![CDATA[Sagar Mehta]]>
              </value>
            </param>
            <param index="2">
              <value>
                <![CDATA[sagar@gmail.com]]>
              </value>
            </param>
            <param index="3">
              <value>
                <![CDATA[Aditya Kumar]]>
              </value>
            </param>
            <param index="4">
              <value>
                <![CDATA[aditya@gmail.com]]>
              </value>
            </param>
            <param index="5">
              <value>
                <![CDATA[9495939204]]>
              </value>
            </param>
            <param index="6">
              <value>
                <![CDATA[Happy Birthday MehtaJi]]>
              </value>
            </param>
          </params>
          <reporter-output>
          </reporter-output>
        </test-method> <!-- testForGiftCards -->
        <test-method status="PASS" signature="afterTest()[pri:0, instance:com.Hackatone.TestClasses.GiftCard@79b06cab]" name="afterTest" is-config="true" duration-ms="372" started-at="2020-11-01T12:34:40Z" finished-at="2020-11-01T12:34:40Z">
          <reporter-output>
          </reporter-output>
        </test-method> <!-- afterTest -->
        <test-method status="FAIL" signature="testForGiftCards(java.lang.String, java.lang.String, java.lang.String, java.lang.String, java.lang.String, java.lang.String, java.lang.String)[pri:0, instance:com.Hackatone.TestClasses.GiftCard@79b06cab]" name="testForGiftCards" duration-ms="37475" started-at="2020-11-01T12:34:40Z" data-provider="getData" finished-at="2020-11-01T12:35:17Z">
          <params>
            <param index="0">
              <value>
                <![CDATA[3450]]>
              </value>
            </param>
            <param index="1">
              <value>
                <![CDATA[]]>
              </value>
            </param>
            <param index="2">
              <value>
                <![CDATA[]]>
              </value>
            </param>
            <param index="3">
              <value>
                <![CDATA[]]>
              </value>
            </param>
            <param index="4">
              <value>
                <![CDATA[vikashgmail.com]]>
              </value>
            </param>
            <param index="5">
              <value>
                <![CDATA[9693939906]]>
              </value>
            </param>
            <param index="6">
              <value>
                <![CDATA[Hii Shubhash, How are You ?]]>
              </value>
            </param>
          </params>
          <exception class="java.lang.AssertionError">
            <message>
              <![CDATA[Wrong information Fed-Up :: Verify The Details in attached ScreenShot]]>
            </message>
            <full-stacktrace>
              <![CDATA[java.lang.AssertionError: Wrong information Fed-Up :: Verify The Details in attached ScreenShot
at org.testng.Assert.fail(Assert.java:96)
at com.Hackatone.Base.BaseUI.reportFail(BaseUI.java:343)
at com.Hackatone.Base.BaseUI.validateResult(BaseUI.java:248)
at com.Hackatone.TestClasses.GiftCard.testForGiftCards(GiftCard.java:62)
at sun.reflect.NativeMethodAccessorImpl.invoke0(Native Method)
at sun.reflect.NativeMethodAccessorImpl.invoke(NativeMethodAccessorImpl.java:62)
at sun.reflect.DelegatingMethodAccessorImpl.invoke(DelegatingMethodAccessorImpl.java:43)
at java.lang.reflect.Method.invoke(Method.java:498)
at org.testng.internal.MethodInvocationHelper.invokeMethod(MethodInvocationHelper.java:124)
at org.testng.internal.Invoker.invokeMethod(Invoker.java:583)
at org.testng.internal.Invoker.invokeTestMethod(Invoker.java:719)
at org.testng.internal.Invoker.invokeTestMethods(Invoker.java:989)
at org.testng.internal.TestMethodWorker.invokeTestMethods(TestMethodWorker.java:125)
at org.testng.internal.TestMethodWorker.run(TestMethodWorker.java:109)
at org.testng.TestRunner.privateRun(TestRunner.java:648)
at org.testng.TestRunner.run(TestRunner.java:505)
at org.testng.SuiteRunner.runTest(SuiteRunner.java:455)
at org.testng.SuiteRunner.runSequentially(SuiteRunner.java:450)
at org.testng.SuiteRunner.privateRun(SuiteRunner.java:415)
at org.testng.SuiteRunner.run(SuiteRunner.java:364)
at org.testng.SuiteRunnerWorker.runSuite(SuiteRunnerWorker.java:52)
at org.testng.SuiteRunnerWorker.run(SuiteRunnerWorker.java:84)
at org.testng.TestNG.runSuitesSequentially(TestNG.java:1208)
at org.testng.TestNG.runSuitesLocally(TestNG.java:1137)
at org.testng.TestNG.runSuites(TestNG.java:1049)
at org.testng.TestNG.run(TestNG.java:1017)
at org.apache.maven.surefire.testng.TestNGExecutor.run(TestNGExecutor.java:283)
at org.apache.maven.surefire.testng.TestNGXmlTestSuite.execute(TestNGXmlTestSuite.java:75)
at org.apache.maven.surefire.testng.TestNGProvider.invoke(TestNGProvider.java:120)
at org.apache.maven.surefire.booter.ForkedBooter.invokeProviderInSameClassLoader(ForkedBooter.java:384)
at org.apache.maven.surefire.booter.ForkedBooter.runSuitesInProcess(ForkedBooter.java:345)
at org.apache.maven.surefire.booter.ForkedBooter.execute(ForkedBooter.java:126)
at org.apache.maven.surefire.booter.ForkedBooter.main(ForkedBooter.java:418)
]]>
            </full-stacktrace>
          </exception> <!-- java.lang.AssertionError -->
          <reporter-output>
          </reporter-output>
        </test-method> <!-- testForGiftCards -->
        <test-method status="PASS" signature="afterTest()[pri:0, instance:com.Hackatone.TestClasses.GiftCard@79b06cab]" name="afterTest" is-config="true" duration-ms="419" started-at="2020-11-01T12:35:18Z" finished-at="2020-11-01T12:35:18Z">
          <reporter-output>
          </reporter-output>
        </test-method> <!-- afterTest -->
        <test-method status="PASS" signature="testForGiftCards(java.lang.String, java.lang.String, java.lang.String, java.lang.String, java.lang.String, java.lang.String, java.lang.String)[pri:0, instance:com.Hackatone.TestClasses.GiftCard@79b06cab]" name="testForGiftCards" duration-ms="36114" started-at="2020-11-01T12:35:18Z" data-provider="getData" finished-at="2020-11-01T12:35:54Z">
          <params>
            <param index="0">
              <value>
                <![CDATA[7000]]>
              </value>
            </param>
            <param index="1">
              <value>
                <![CDATA[Arbind Kapoor]]>
              </value>
            </param>
            <param index="2">
              <value>
                <![CDATA[arbind@gmail.com]]>
              </value>
            </param>
            <param index="3">
              <value>
                <![CDATA[Vikash Kumar Barnwal]]>
              </value>
            </param>
            <param index="4">
              <value>
                <![CDATA[vikash@gmail.com]]>
              </value>
            </param>
            <param index="5">
              <value>
                <![CDATA[969393990684994]]>
              </value>
            </param>
            <param index="6">
              <value>
                <![CDATA[Happy Birthday GuptaJi]]>
              </value>
            </param>
          </params>
          <reporter-output>
          </reporter-output>
        </test-method> <!-- testForGiftCards -->
        <test-method status="PASS" signature="afterTest()[pri:0, instance:com.Hackatone.TestClasses.GiftCard@79b06cab]" name="afterTest" is-config="true" duration-ms="272" started-at="2020-11-01T12:35:54Z" finished-at="2020-11-01T12:35:54Z">
          <reporter-output>
          </reporter-output>
        </test-method> <!-- afterTest -->
        <test-method status="PASS" signature="testForGiftCards(java.lang.String, java.lang.String, java.lang.String, java.lang.String, java.lang.String, java.lang.String, java.lang.String)[pri:0, instance:com.Hackatone.TestClasses.GiftCard@79b06cab]" name="testForGiftCards" duration-ms="36190" started-at="2020-11-01T12:35:54Z" data-provider="getData" finished-at="2020-11-01T12:36:30Z">
          <params>
            <param index="0">
              <value>
                <![CDATA[8000]]>
              </value>
            </param>
            <param index="1">
              <value>
                <![CDATA[Rahul Dugar]]>
              </value>
            </param>
            <param index="2">
              <value>
                <![CDATA[dugar@gmail.com]]>
              </value>
            </param>
            <param index="3">
              <value>
                <![CDATA[Akansha Sen]]>
              </value>
            </param>
            <param index="4">
              <value>
                <![CDATA[akansha@gmail.com]]>
              </value>
            </param>
            <param index="5">
              <value>
                <![CDATA[9383028392]]>
              </value>
            </param>
            <param index="6">
              <value>
                <![CDATA[Happy BirthDay Dugar Saheb !!!]]>
              </value>
            </param>
          </params>
          <reporter-output>
          </reporter-output>
        </test-method> <!-- testForGiftCards -->
        <test-method status="PASS" signature="afterTest()[pri:0, instance:com.Hackatone.TestClasses.GiftCard@79b06cab]" name="afterTest" is-config="true" duration-ms="314" started-at="2020-11-01T12:36:30Z" finished-at="2020-11-01T12:36:31Z">
          <reporter-output>
          </reporter-output>
        </test-method> <!-- afterTest -->
      </class> <!-- com.Hackatone.TestClasses.GiftCard -->
      <class name="com.Hackatone.TestClasses.GetHomeItems">
        <test-method status="PASS" signature="getHomeListItems_one()[pri:0, instance:com.Hackatone.TestClasses.GetHomeItems@363ee3a2]" name="getHomeListItems_one" duration-ms="14927" started-at="2020-11-01T12:23:45Z" finished-at="2020-11-01T12:24:00Z">
          <reporter-output>
          </reporter-output>
        </test-method> <!-- getHomeListItems_one -->
        <test-method status="PASS" signature="afterTest()[pri:0, instance:com.Hackatone.TestClasses.GetHomeItems@363ee3a2]" name="afterTest" is-config="true" duration-ms="0" started-at="2020-11-01T12:24:00Z" finished-at="2020-11-01T12:24:00Z">
          <reporter-output>
          </reporter-output>
        </test-method> <!-- afterTest -->
        <test-method status="FAIL" signature="getHomeListItems_two()[pri:0, instance:com.Hackatone.TestClasses.GetHomeItems@363ee3a2]" name="getHomeListItems_two" duration-ms="13699" started-at="2020-11-01T12:24:00Z" finished-at="2020-11-01T12:24:14Z">
          <exception class="java.lang.AssertionError">
            <message>
              <![CDATA[Failing the Testcase, Invalid Locator collection_menu_xpath]]>
            </message>
            <full-stacktrace>
              <![CDATA[java.lang.AssertionError: Failing the Testcase, Invalid Locator collection_menu_xpath
at org.testng.Assert.fail(Assert.java:96)
at com.Hackatone.Base.BaseUI.reportFail(BaseUI.java:343)
at com.Hackatone.Base.BaseUI.getElement(BaseUI.java:285)
at com.Hackatone.Base.BaseUI.elementClick(BaseUI.java:161)
at com.Hackatone.Base.BaseUI.mouseclickAndSelectElements(BaseUI.java:224)
at com.Hackatone.TestClasses.GetHomeItems.getHomeListItems_two(GetHomeItems.java:40)
at sun.reflect.NativeMethodAccessorImpl.invoke0(Native Method)
at sun.reflect.NativeMethodAccessorImpl.invoke(NativeMethodAccessorImpl.java:62)
at sun.reflect.DelegatingMethodAccessorImpl.invoke(DelegatingMethodAccessorImpl.java:43)
at java.lang.reflect.Method.invoke(Method.java:498)
at org.testng.internal.MethodInvocationHelper.invokeMethod(MethodInvocationHelper.java:124)
at org.testng.internal.Invoker.invokeMethod(Invoker.java:583)
at org.testng.internal.Invoker.invokeTestMethod(Invoker.java:719)
at org.testng.internal.Invoker.invokeTestMethods(Invoker.java:989)
at org.testng.internal.TestMethodWorker.invokeTestMethods(TestMethodWorker.java:125)
at org.testng.internal.TestMethodWorker.run(TestMethodWorker.java:109)
at org.testng.TestRunner.privateRun(TestRunner.java:648)
at org.testng.TestRunner.run(TestRunner.java:505)
at org.testng.SuiteRunner.runTest(SuiteRunner.java:455)
at org.testng.SuiteRunner.runSequentially(SuiteRunner.java:450)
at org.testng.SuiteRunner.privateRun(SuiteRunner.java:415)
at org.testng.SuiteRunner.run(SuiteRunner.java:364)
at org.testng.SuiteRunnerWorker.runSuite(SuiteRunnerWorker.java:52)
at org.testng.SuiteRunnerWorker.run(SuiteRunnerWorker.java:84)
at org.testng.TestNG.runSuitesSequentially(TestNG.java:1208)
at org.testng.TestNG.runSuitesLocally(TestNG.java:1137)
at org.testng.TestNG.runSuites(TestNG.java:1049)
at org.testng.TestNG.run(TestNG.java:1017)
at org.apache.maven.surefire.testng.TestNGExecutor.run(TestNGExecutor.java:283)
at org.apache.maven.surefire.testng.TestNGXmlTestSuite.execute(TestNGXmlTestSuite.java:75)
at org.apache.maven.surefire.testng.TestNGProvider.invoke(TestNGProvider.java:120)
at org.apache.maven.surefire.booter.ForkedBooter.invokeProviderInSameClassLoader(ForkedBooter.java:384)
at org.apache.maven.surefire.booter.ForkedBooter.runSuitesInProcess(ForkedBooter.java:345)
at org.apache.maven.surefire.booter.ForkedBooter.execute(ForkedBooter.java:126)
at org.apache.maven.surefire.booter.ForkedBooter.main(ForkedBooter.java:418)
]]>
            </full-stacktrace>
          </exception> <!-- java.lang.AssertionError -->
          <reporter-output>
          </reporter-output>
        </test-method> <!-- getHomeListItems_two -->
        <test-method status="PASS" signature="afterTest()[pri:0, instance:com.Hackatone.TestClasses.GetHomeItems@363ee3a2]" name="afterTest" is-config="true" duration-ms="350" started-at="2020-11-01T12:24:14Z" finished-at="2020-11-01T12:24:14Z">
          <reporter-output>
          </reporter-output>
        </test-method> <!-- afterTest -->
      </class> <!-- com.Hackatone.TestClasses.GetHomeItems -->
      <class name="com.Hackatone.TestClasses.GetBookshelves">
        <test-method status="PASS" signature="testOneForBookshelves()[pri:0, instance:com.Hackatone.TestClasses.GetBookshelves@4386f16]" name="testOneForBookshelves" duration-ms="29835" started-at="2020-11-01T12:23:15Z" finished-at="2020-11-01T12:23:45Z">
          <reporter-output>
          </reporter-output>
        </test-method> <!-- testOneForBookshelves -->
        <test-method status="PASS" signature="afterTest()[pri:0, instance:com.Hackatone.TestClasses.GetBookshelves@4386f16]" name="afterTest" is-config="true" duration-ms="0" started-at="2020-11-01T12:23:45Z" finished-at="2020-11-01T12:23:45Z">
          <reporter-output>
          </reporter-output>
        </test-method> <!-- afterTest -->
        <test-method status="PASS" signature="endReport()[pri:0, instance:com.Hackatone.TestClasses.GetBookshelves@4386f16]" name="endReport" is-config="true" duration-ms="1171" started-at="2020-11-01T12:36:31Z" finished-at="2020-11-01T12:36:32Z">
          <reporter-output>
          </reporter-output>
        </test-method> <!-- endReport -->
        <test-method status="PASS" signature="endReport()[pri:0, instance:com.Hackatone.TestClasses.GetHomeItems@363ee3a2]" name="endReport" is-config="true" duration-ms="357" started-at="2020-11-01T12:36:32Z" finished-at="2020-11-01T12:36:32Z">
          <reporter-output>
          </reporter-output>
        </test-method> <!-- endReport -->
      </class> <!-- com.Hackatone.TestClasses.GetBookshelves -->
      <class name="com.Hackatone.TestClasses.GetStudyChair">
        <test-method status="PASS" signature="testForStudyChairs()[pri:0, instance:com.Hackatone.TestClasses.GetStudyChair@4690b489]" name="testForStudyChairs" duration-ms="22173" started-at="2020-11-01T12:24:14Z" finished-at="2020-11-01T12:24:36Z">
          <reporter-output>
          </reporter-output>
        </test-method> <!-- testForStudyChairs -->
        <test-method status="PASS" signature="afterTest()[pri:0, instance:com.Hackatone.TestClasses.GetStudyChair@4690b489]" name="afterTest" is-config="true" duration-ms="0" started-at="2020-11-01T12:24:36Z" finished-at="2020-11-01T12:24:36Z">
          <reporter-output>
          </reporter-output>
        </test-method> <!-- afterTest -->
      </class> <!-- com.Hackatone.TestClasses.GetStudyChair -->
    </test> <!-- exicuteTestCases -->
  </suite> <!-- Suite -->
</testng-results>
